<?xml version="1.0" encoding="utf-8" standalone="no"?>
<test-results xmlns:xsi="http://www.w3.org/2001/XMLSchema-instance" xsi:noNamespaceSchemaLocation="nunit_schema_2.5.xsd" name="Pester" total="397" errors="0" failures="0" not-run="3" inconclusive="0" ignored="0" skipped="7" invalid="0" date="2024-11-03" time="09:38:00">
  <environment clr-version="4.0.30319.42000" user-domain="BATTLESTATION" cwd="C:\Celerium\Projects\_API\PokemonTCG-PowerShellWrapper" platform="Microsoft Windows 11 Pro|C:\WINDOWS|\Device\Harddisk0\Partition3" machine-name="BATTLESTATION" nunit-version="2.5.8.0" os-version="10.0.22631" user="David" />
  <culture-info current-culture="en-US" current-uiculture="en-US" />
  <test-suite type="TestFixture" name="Pester" executed="True" result="Ignored" success="True" time="9.0701" asserts="0" description="Pester">
    <results>
      <test-suite type="TestFixture" name="C:\Celerium\Projects\_API\PokemonTCG-PowerShellWrapper\tests\HelpComment.Tests.ps1" executed="True" result="Ignored" success="True" time="1.9381" asserts="0" description="C:\Celerium\Projects\_API\PokemonTCG-PowerShellWrapper\tests\HelpComment.Tests.ps1">
        <results>
          <test-suite type="TestFixture" name="Testing the [ Built ] version of [ PokemonTCG ] with [ HelpComment.Tests.ps1 ]" executed="True" result="Ignored" success="True" time="0.7363" asserts="0" description="Testing the [ Built ] version of [ PokemonTCG ] with [ HelpComment.Tests.ps1 ]">
            <results>
              <test-suite type="TestFixture" name="Testing the [ Built ] version of [ PokemonTCG ] with [ HelpComment.Tests.ps1 ].[ PokemonTCG ] module help tests" executed="True" result="Success" success="True" time="0.0542" asserts="0" description="Testing the [ Built ] version of [ PokemonTCG ] with [ HelpComment.Tests.ps1 ].[ PokemonTCG ] module help tests">
                <results>
                  <test-suite type="TestFixture" name="Testing the [ Built ] version of [ PokemonTCG ] with [ HelpComment.Tests.ps1 ].[ PokemonTCG ] module help tests.[ Add-PokemonTCGApiKey ]" executed="True" result="Success" success="True" time="0.047" asserts="0" description="Testing the [ Built ] version of [ PokemonTCG ] with [ HelpComment.Tests.ps1 ].[ PokemonTCG ] module help tests.[ Add-PokemonTCGApiKey ]">
                    <results>
                      <test-case description="[ Add-PokemonTCGApiKey ] contains comment based help" name="Testing the [ Built ] version of [ PokemonTCG ] with [ HelpComment.Tests.ps1 ].[ PokemonTCG ] module help tests.[ Add-PokemonTCGApiKey ].[ Add-PokemonTCGApiKey ] contains comment based help" time="0.0027" asserts="0" success="True" result="Success" executed="True" />
                      <test-case description="[ Add-PokemonTCGApiKey ] contains a synopsis" name="Testing the [ Built ] version of [ PokemonTCG ] with [ HelpComment.Tests.ps1 ].[ PokemonTCG ] module help tests.[ Add-PokemonTCGApiKey ].[ Add-PokemonTCGApiKey ] contains a synopsis" time="0.0184" asserts="0" success="True" result="Success" executed="True" />
                      <test-case description="[ Add-PokemonTCGApiKey ] contains a description" name="Testing the [ Built ] version of [ PokemonTCG ] with [ HelpComment.Tests.ps1 ].[ PokemonTCG ] module help tests.[ Add-PokemonTCGApiKey ].[ Add-PokemonTCGApiKey ] contains a description" time="0.0026" asserts="0" success="True" result="Success" executed="True" />
                      <test-case description="[ Add-PokemonTCGApiKey ] contains at least one usage example" name="Testing the [ Built ] version of [ PokemonTCG ] with [ HelpComment.Tests.ps1 ].[ PokemonTCG ] module help tests.[ Add-PokemonTCGApiKey ].[ Add-PokemonTCGApiKey ] contains at least one usage example" time="0.0042" asserts="0" success="True" result="Success" executed="True" />
                      <test-case description="[ Add-PokemonTCGApiKey ] contains a note" name="Testing the [ Built ] version of [ PokemonTCG ] with [ HelpComment.Tests.ps1 ].[ PokemonTCG ] module help tests.[ Add-PokemonTCGApiKey ].[ Add-PokemonTCGApiKey ] contains a note" time="0.0021" asserts="0" success="True" result="Success" executed="True" />
                      <test-case description="[ Add-PokemonTCGApiKey ] contains a link" name="Testing the [ Built ] version of [ PokemonTCG ] with [ HelpComment.Tests.ps1 ].[ PokemonTCG ] module help tests.[ Add-PokemonTCGApiKey ].[ Add-PokemonTCGApiKey ] contains a link" time="0.002" asserts="0" success="True" result="Success" executed="True" />
                      <test-suite type="ParameterizedTest" name="Testing the [ Built ] version of [ PokemonTCG ] with [ HelpComment.Tests.ps1 ].[ PokemonTCG ] module help tests.[ Add-PokemonTCGApiKey ].[ Add-PokemonTCGApiKey ] - Parameter has a description - [ &lt;_.name&gt; ]" executed="True" result="Success" success="True" time="0.0022" asserts="0" description="[ Add-PokemonTCGApiKey ] - Parameter has a description - [ &lt;_.name&gt; ]">
                        <results>
                          <test-case description="[ Add-PokemonTCGApiKey ] - Parameter has a description - [ ApiKey ]" name="Testing the [ Built ] version of [ PokemonTCG ] with [ HelpComment.Tests.ps1 ].[ PokemonTCG ] module help tests.[ Add-PokemonTCGApiKey ].[ Add-PokemonTCGApiKey ] - Parameter has a description - [ ApiKey ]" time="0.0022" asserts="0" success="True" result="Success" executed="True" />
                        </results>
                      </test-suite>
                      <test-suite type="ParameterizedTest" name="Testing the [ Built ] version of [ PokemonTCG ] with [ HelpComment.Tests.ps1 ].[ PokemonTCG ] module help tests.[ Add-PokemonTCGApiKey ].[ Add-PokemonTCGApiKey ] - Example has example code &amp; description   - [ &lt;_.title -replace '-'.''&gt; ]" executed="True" result="Success" success="True" time="0.0082" asserts="0" description="[ Add-PokemonTCGApiKey ] - Example has example code &amp; description   - [ &lt;_.title -replace '-'.''&gt; ]">
                        <results>
                          <test-case description="[ Add-PokemonTCGApiKey ] - Example has example code &amp; description   - [  EXAMPLE 1  ]" name="Testing the [ Built ] version of [ PokemonTCG ] with [ HelpComment.Tests.ps1 ].[ PokemonTCG ] module help tests.[ Add-PokemonTCGApiKey ].[ Add-PokemonTCGApiKey ] - Example has example code &amp; description   - [  EXAMPLE 1  ]" time="0.0028" asserts="0" success="True" result="Success" executed="True" />
                          <test-case description="[ Add-PokemonTCGApiKey ] - Example has example code &amp; description   - [  EXAMPLE 2  ]" name="Testing the [ Built ] version of [ PokemonTCG ] with [ HelpComment.Tests.ps1 ].[ PokemonTCG ] module help tests.[ Add-PokemonTCGApiKey ].[ Add-PokemonTCGApiKey ] - Example has example code &amp; description   - [  EXAMPLE 2  ]" time="0.0027" asserts="0" success="True" result="Success" executed="True" />
                          <test-case description="[ Add-PokemonTCGApiKey ] - Example has example code &amp; description   - [  EXAMPLE 3  ]" name="Testing the [ Built ] version of [ PokemonTCG ] with [ HelpComment.Tests.ps1 ].[ PokemonTCG ] module help tests.[ Add-PokemonTCGApiKey ].[ Add-PokemonTCGApiKey ] - Example has example code &amp; description   - [  EXAMPLE 3  ]" time="0.0027" asserts="0" success="True" result="Success" executed="True" />
                        </results>
                      </test-suite>
                    </results>
                  </test-suite>
                </results>
              </test-suite>
              <test-suite type="TestFixture" name="Testing the [ Built ] version of [ PokemonTCG ] with [ HelpComment.Tests.ps1 ].[ PokemonTCG ] module help tests" executed="True" result="Success" success="True" time="0.0862" asserts="0" description="Testing the [ Built ] version of [ PokemonTCG ] with [ HelpComment.Tests.ps1 ].[ PokemonTCG ] module help tests">
                <results>
                  <test-suite type="TestFixture" name="Testing the [ Built ] version of [ PokemonTCG ] with [ HelpComment.Tests.ps1 ].[ PokemonTCG ] module help tests.[ Add-PokemonTCGBaseURI ]" executed="True" result="Success" success="True" time="0.0281" asserts="0" description="Testing the [ Built ] version of [ PokemonTCG ] with [ HelpComment.Tests.ps1 ].[ PokemonTCG ] module help tests.[ Add-PokemonTCGBaseURI ]">
                    <results>
                      <test-case description="[ Add-PokemonTCGBaseURI ] contains comment based help" name="Testing the [ Built ] version of [ PokemonTCG ] with [ HelpComment.Tests.ps1 ].[ PokemonTCG ] module help tests.[ Add-PokemonTCGBaseURI ].[ Add-PokemonTCGBaseURI ] contains comment based help" time="0.0025" asserts="0" success="True" result="Success" executed="True" />
                      <test-case description="[ Add-PokemonTCGBaseURI ] contains a synopsis" name="Testing the [ Built ] version of [ PokemonTCG ] with [ HelpComment.Tests.ps1 ].[ PokemonTCG ] module help tests.[ Add-PokemonTCGBaseURI ].[ Add-PokemonTCGBaseURI ] contains a synopsis" time="0.002" asserts="0" success="True" result="Success" executed="True" />
                      <test-case description="[ Add-PokemonTCGBaseURI ] contains a description" name="Testing the [ Built ] version of [ PokemonTCG ] with [ HelpComment.Tests.ps1 ].[ PokemonTCG ] module help tests.[ Add-PokemonTCGBaseURI ].[ Add-PokemonTCGBaseURI ] contains a description" time="0.002" asserts="0" success="True" result="Success" executed="True" />
                      <test-case description="[ Add-PokemonTCGBaseURI ] contains at least one usage example" name="Testing the [ Built ] version of [ PokemonTCG ] with [ HelpComment.Tests.ps1 ].[ PokemonTCG ] module help tests.[ Add-PokemonTCGBaseURI ].[ Add-PokemonTCGBaseURI ] contains at least one usage example" time="0.0026" asserts="0" success="True" result="Success" executed="True" />
                      <test-case description="[ Add-PokemonTCGBaseURI ] contains a note" name="Testing the [ Built ] version of [ PokemonTCG ] with [ HelpComment.Tests.ps1 ].[ PokemonTCG ] module help tests.[ Add-PokemonTCGBaseURI ].[ Add-PokemonTCGBaseURI ] contains a note" time="0.002" asserts="0" success="True" result="Success" executed="True" />
                      <test-case description="[ Add-PokemonTCGBaseURI ] contains a link" name="Testing the [ Built ] version of [ PokemonTCG ] with [ HelpComment.Tests.ps1 ].[ PokemonTCG ] module help tests.[ Add-PokemonTCGBaseURI ].[ Add-PokemonTCGBaseURI ] contains a link" time="0.0021" asserts="0" success="True" result="Success" executed="True" />
                      <test-suite type="ParameterizedTest" name="Testing the [ Built ] version of [ PokemonTCG ] with [ HelpComment.Tests.ps1 ].[ PokemonTCG ] module help tests.[ Add-PokemonTCGBaseURI ].[ Add-PokemonTCGBaseURI ] - Parameter has a description - [ &lt;_.name&gt; ]" executed="True" result="Success" success="True" time="0.0023" asserts="0" description="[ Add-PokemonTCGBaseURI ] - Parameter has a description - [ &lt;_.name&gt; ]">
                        <results>
                          <test-case description="[ Add-PokemonTCGBaseURI ] - Parameter has a description - [ BaseURI ]" name="Testing the [ Built ] version of [ PokemonTCG ] with [ HelpComment.Tests.ps1 ].[ PokemonTCG ] module help tests.[ Add-PokemonTCGBaseURI ].[ Add-PokemonTCGBaseURI ] - Parameter has a description - [ BaseURI ]" time="0.0023" asserts="0" success="True" result="Success" executed="True" />
                        </results>
                      </test-suite>
                      <test-suite type="ParameterizedTest" name="Testing the [ Built ] version of [ PokemonTCG ] with [ HelpComment.Tests.ps1 ].[ PokemonTCG ] module help tests.[ Add-PokemonTCGBaseURI ].[ Add-PokemonTCGBaseURI ] - Example has example code &amp; description   - [ &lt;_.title -replace '-'.''&gt; ]" executed="True" result="Success" success="True" time="0.0053" asserts="0" description="[ Add-PokemonTCGBaseURI ] - Example has example code &amp; description   - [ &lt;_.title -replace '-'.''&gt; ]">
                        <results>
                          <test-case description="[ Add-PokemonTCGBaseURI ] - Example has example code &amp; description   - [  EXAMPLE 1  ]" name="Testing the [ Built ] version of [ PokemonTCG ] with [ HelpComment.Tests.ps1 ].[ PokemonTCG ] module help tests.[ Add-PokemonTCGBaseURI ].[ Add-PokemonTCGBaseURI ] - Example has example code &amp; description   - [  EXAMPLE 1  ]" time="0.0027" asserts="0" success="True" result="Success" executed="True" />
                          <test-case description="[ Add-PokemonTCGBaseURI ] - Example has example code &amp; description   - [  EXAMPLE 2  ]" name="Testing the [ Built ] version of [ PokemonTCG ] with [ HelpComment.Tests.ps1 ].[ PokemonTCG ] module help tests.[ Add-PokemonTCGBaseURI ].[ Add-PokemonTCGBaseURI ] - Example has example code &amp; description   - [  EXAMPLE 2  ]" time="0.0027" asserts="0" success="True" result="Success" executed="True" />
                        </results>
                      </test-suite>
                    </results>
                  </test-suite>
                </results>
              </test-suite>
              <test-suite type="TestFixture" name="Testing the [ Built ] version of [ PokemonTCG ] with [ HelpComment.Tests.ps1 ].[ PokemonTCG ] module help tests" executed="True" result="Success" success="True" time="0.1176" asserts="0" description="Testing the [ Built ] version of [ PokemonTCG ] with [ HelpComment.Tests.ps1 ].[ PokemonTCG ] module help tests">
                <results>
                  <test-suite type="TestFixture" name="Testing the [ Built ] version of [ PokemonTCG ] with [ HelpComment.Tests.ps1 ].[ PokemonTCG ] module help tests.[ ConvertTo-PokemonTCGQueryString ]" executed="True" result="Success" success="True" time="0.0278" asserts="0" description="Testing the [ Built ] version of [ PokemonTCG ] with [ HelpComment.Tests.ps1 ].[ PokemonTCG ] module help tests.[ ConvertTo-PokemonTCGQueryString ]">
                    <results>
                      <test-case description="[ ConvertTo-PokemonTCGQueryString ] contains comment based help" name="Testing the [ Built ] version of [ PokemonTCG ] with [ HelpComment.Tests.ps1 ].[ PokemonTCG ] module help tests.[ ConvertTo-PokemonTCGQueryString ].[ ConvertTo-PokemonTCGQueryString ] contains comment based help" time="0.0024" asserts="0" success="True" result="Success" executed="True" />
                      <test-case description="[ ConvertTo-PokemonTCGQueryString ] contains a synopsis" name="Testing the [ Built ] version of [ PokemonTCG ] with [ HelpComment.Tests.ps1 ].[ PokemonTCG ] module help tests.[ ConvertTo-PokemonTCGQueryString ].[ ConvertTo-PokemonTCGQueryString ] contains a synopsis" time="0.002" asserts="0" success="True" result="Success" executed="True" />
                      <test-case description="[ ConvertTo-PokemonTCGQueryString ] contains a description" name="Testing the [ Built ] version of [ PokemonTCG ] with [ HelpComment.Tests.ps1 ].[ PokemonTCG ] module help tests.[ ConvertTo-PokemonTCGQueryString ].[ ConvertTo-PokemonTCGQueryString ] contains a description" time="0.0021" asserts="0" success="True" result="Success" executed="True" />
                      <test-case description="[ ConvertTo-PokemonTCGQueryString ] contains at least one usage example" name="Testing the [ Built ] version of [ PokemonTCG ] with [ HelpComment.Tests.ps1 ].[ PokemonTCG ] module help tests.[ ConvertTo-PokemonTCGQueryString ].[ ConvertTo-PokemonTCGQueryString ] contains at least one usage example" time="0.0026" asserts="0" success="True" result="Success" executed="True" />
                      <test-case description="[ ConvertTo-PokemonTCGQueryString ] contains a note" name="Testing the [ Built ] version of [ PokemonTCG ] with [ HelpComment.Tests.ps1 ].[ PokemonTCG ] module help tests.[ ConvertTo-PokemonTCGQueryString ].[ ConvertTo-PokemonTCGQueryString ] contains a note" time="0.002" asserts="0" success="True" result="Success" executed="True" />
                      <test-case description="[ ConvertTo-PokemonTCGQueryString ] contains a link" name="Testing the [ Built ] version of [ PokemonTCG ] with [ HelpComment.Tests.ps1 ].[ PokemonTCG ] module help tests.[ ConvertTo-PokemonTCGQueryString ].[ ConvertTo-PokemonTCGQueryString ] contains a link" time="0.002" asserts="0" success="True" result="Success" executed="True" />
                      <test-suite type="ParameterizedTest" name="Testing the [ Built ] version of [ PokemonTCG ] with [ HelpComment.Tests.ps1 ].[ PokemonTCG ] module help tests.[ ConvertTo-PokemonTCGQueryString ].[ ConvertTo-PokemonTCGQueryString ] - Parameter has a description - [ &lt;_.name&gt; ]" executed="True" result="Success" success="True" time="0.0045" asserts="0" description="[ ConvertTo-PokemonTCGQueryString ] - Parameter has a description - [ &lt;_.name&gt; ]">
                        <results>
                          <test-case description="[ ConvertTo-PokemonTCGQueryString ] - Parameter has a description - [ resourceURI ]" name="Testing the [ Built ] version of [ PokemonTCG ] with [ HelpComment.Tests.ps1 ].[ PokemonTCG ] module help tests.[ ConvertTo-PokemonTCGQueryString ].[ ConvertTo-PokemonTCGQueryString ] - Parameter has a description - [ resourceURI ]" time="0.0022" asserts="0" success="True" result="Success" executed="True" />
                          <test-case description="[ ConvertTo-PokemonTCGQueryString ] - Parameter has a description - [ uriFilter ]" name="Testing the [ Built ] version of [ PokemonTCG ] with [ HelpComment.Tests.ps1 ].[ PokemonTCG ] module help tests.[ ConvertTo-PokemonTCGQueryString ].[ ConvertTo-PokemonTCGQueryString ] - Parameter has a description - [ uriFilter ]" time="0.0023" asserts="0" success="True" result="Success" executed="True" />
                        </results>
                      </test-suite>
                      <test-suite type="ParameterizedTest" name="Testing the [ Built ] version of [ PokemonTCG ] with [ HelpComment.Tests.ps1 ].[ PokemonTCG ] module help tests.[ ConvertTo-PokemonTCGQueryString ].[ ConvertTo-PokemonTCGQueryString ] - Example has example code &amp; description   - [ &lt;_.title -replace '-'.''&gt; ]" executed="True" result="Success" success="True" time="0.0027" asserts="0" description="[ ConvertTo-PokemonTCGQueryString ] - Example has example code &amp; description   - [ &lt;_.title -replace '-'.''&gt; ]">
                        <results>
                          <test-case description="[ ConvertTo-PokemonTCGQueryString ] - Example has example code &amp; description   - [  EXAMPLE 1  ]" name="Testing the [ Built ] version of [ PokemonTCG ] with [ HelpComment.Tests.ps1 ].[ PokemonTCG ] module help tests.[ ConvertTo-PokemonTCGQueryString ].[ ConvertTo-PokemonTCGQueryString ] - Example has example code &amp; description   - [  EXAMPLE 1  ]" time="0.0027" asserts="0" success="True" result="Success" executed="True" />
                        </results>
                      </test-suite>
                    </results>
                  </test-suite>
                </results>
              </test-suite>
              <test-suite type="TestFixture" name="Testing the [ Built ] version of [ PokemonTCG ] with [ HelpComment.Tests.ps1 ].[ PokemonTCG ] module help tests" executed="True" result="Success" success="True" time="0.1537" asserts="0" description="Testing the [ Built ] version of [ PokemonTCG ] with [ HelpComment.Tests.ps1 ].[ PokemonTCG ] module help tests">
                <results>
                  <test-suite type="TestFixture" name="Testing the [ Built ] version of [ PokemonTCG ] with [ HelpComment.Tests.ps1 ].[ PokemonTCG ] module help tests.[ Export-PokemonTCGModuleSettings ]" executed="True" result="Success" success="True" time="0.0325" asserts="0" description="Testing the [ Built ] version of [ PokemonTCG ] with [ HelpComment.Tests.ps1 ].[ PokemonTCG ] module help tests.[ Export-PokemonTCGModuleSettings ]">
                    <results>
                      <test-case description="[ Export-PokemonTCGModuleSettings ] contains comment based help" name="Testing the [ Built ] version of [ PokemonTCG ] with [ HelpComment.Tests.ps1 ].[ PokemonTCG ] module help tests.[ Export-PokemonTCGModuleSettings ].[ Export-PokemonTCGModuleSettings ] contains comment based help" time="0.003" asserts="0" success="True" result="Success" executed="True" />
                      <test-case description="[ Export-PokemonTCGModuleSettings ] contains a synopsis" name="Testing the [ Built ] version of [ PokemonTCG ] with [ HelpComment.Tests.ps1 ].[ PokemonTCG ] module help tests.[ Export-PokemonTCGModuleSettings ].[ Export-PokemonTCGModuleSettings ] contains a synopsis" time="0.0023" asserts="0" success="True" result="Success" executed="True" />
                      <test-case description="[ Export-PokemonTCGModuleSettings ] contains a description" name="Testing the [ Built ] version of [ PokemonTCG ] with [ HelpComment.Tests.ps1 ].[ PokemonTCG ] module help tests.[ Export-PokemonTCGModuleSettings ].[ Export-PokemonTCGModuleSettings ] contains a description" time="0.0021" asserts="0" success="True" result="Success" executed="True" />
                      <test-case description="[ Export-PokemonTCGModuleSettings ] contains at least one usage example" name="Testing the [ Built ] version of [ PokemonTCG ] with [ HelpComment.Tests.ps1 ].[ PokemonTCG ] module help tests.[ Export-PokemonTCGModuleSettings ].[ Export-PokemonTCGModuleSettings ] contains at least one usage example" time="0.0026" asserts="0" success="True" result="Success" executed="True" />
                      <test-case description="[ Export-PokemonTCGModuleSettings ] contains a note" name="Testing the [ Built ] version of [ PokemonTCG ] with [ HelpComment.Tests.ps1 ].[ PokemonTCG ] module help tests.[ Export-PokemonTCGModuleSettings ].[ Export-PokemonTCGModuleSettings ] contains a note" time="0.002" asserts="0" success="True" result="Success" executed="True" />
                      <test-case description="[ Export-PokemonTCGModuleSettings ] contains a link" name="Testing the [ Built ] version of [ PokemonTCG ] with [ HelpComment.Tests.ps1 ].[ PokemonTCG ] module help tests.[ Export-PokemonTCGModuleSettings ].[ Export-PokemonTCGModuleSettings ] contains a link" time="0.002" asserts="0" success="True" result="Success" executed="True" />
                      <test-suite type="ParameterizedTest" name="Testing the [ Built ] version of [ PokemonTCG ] with [ HelpComment.Tests.ps1 ].[ PokemonTCG ] module help tests.[ Export-PokemonTCGModuleSettings ].[ Export-PokemonTCGModuleSettings ] - Parameter has a description - [ &lt;_.name&gt; ]" executed="True" result="Success" success="True" time="0.0084" asserts="0" description="[ Export-PokemonTCGModuleSettings ] - Parameter has a description - [ &lt;_.name&gt; ]">
                        <results>
                          <test-case description="[ Export-PokemonTCGModuleSettings ] - Parameter has a description - [ PokemonTCGConfPath ]" name="Testing the [ Built ] version of [ PokemonTCG ] with [ HelpComment.Tests.ps1 ].[ PokemonTCG ] module help tests.[ Export-PokemonTCGModuleSettings ].[ Export-PokemonTCGModuleSettings ] - Parameter has a description - [ PokemonTCGConfPath ]" time="0.0062" asserts="0" success="True" result="Success" executed="True" />
                          <test-case description="[ Export-PokemonTCGModuleSettings ] - Parameter has a description - [ PokemonTCGConfFile ]" name="Testing the [ Built ] version of [ PokemonTCG ] with [ HelpComment.Tests.ps1 ].[ PokemonTCG ] module help tests.[ Export-PokemonTCGModuleSettings ].[ Export-PokemonTCGModuleSettings ] - Parameter has a description - [ PokemonTCGConfFile ]" time="0.0023" asserts="0" success="True" result="Success" executed="True" />
                        </results>
                      </test-suite>
                      <test-suite type="ParameterizedTest" name="Testing the [ Built ] version of [ PokemonTCG ] with [ HelpComment.Tests.ps1 ].[ PokemonTCG ] module help tests.[ Export-PokemonTCGModuleSettings ].[ Export-PokemonTCGModuleSettings ] - Example has example code &amp; description   - [ &lt;_.title -replace '-'.''&gt; ]" executed="True" result="Success" success="True" time="0.0054" asserts="0" description="[ Export-PokemonTCGModuleSettings ] - Example has example code &amp; description   - [ &lt;_.title -replace '-'.''&gt; ]">
                        <results>
                          <test-case description="[ Export-PokemonTCGModuleSettings ] - Example has example code &amp; description   - [  EXAMPLE 1  ]" name="Testing the [ Built ] version of [ PokemonTCG ] with [ HelpComment.Tests.ps1 ].[ PokemonTCG ] module help tests.[ Export-PokemonTCGModuleSettings ].[ Export-PokemonTCGModuleSettings ] - Example has example code &amp; description   - [  EXAMPLE 1  ]" time="0.0027" asserts="0" success="True" result="Success" executed="True" />
                          <test-case description="[ Export-PokemonTCGModuleSettings ] - Example has example code &amp; description   - [  EXAMPLE 2  ]" name="Testing the [ Built ] version of [ PokemonTCG ] with [ HelpComment.Tests.ps1 ].[ PokemonTCG ] module help tests.[ Export-PokemonTCGModuleSettings ].[ Export-PokemonTCGModuleSettings ] - Example has example code &amp; description   - [  EXAMPLE 2  ]" time="0.0027" asserts="0" success="True" result="Success" executed="True" />
                        </results>
                      </test-suite>
                    </results>
                  </test-suite>
                </results>
              </test-suite>
              <test-suite type="TestFixture" name="Testing the [ Built ] version of [ PokemonTCG ] with [ HelpComment.Tests.ps1 ].[ PokemonTCG ] module help tests" executed="True" result="Success" success="True" time="0.1862" asserts="0" description="Testing the [ Built ] version of [ PokemonTCG ] with [ HelpComment.Tests.ps1 ].[ PokemonTCG ] module help tests">
                <results>
                  <test-suite type="TestFixture" name="Testing the [ Built ] version of [ PokemonTCG ] with [ HelpComment.Tests.ps1 ].[ PokemonTCG ] module help tests.[ Get-PokemonTCGApiKey ]" executed="True" result="Success" success="True" time="0.0288" asserts="0" description="Testing the [ Built ] version of [ PokemonTCG ] with [ HelpComment.Tests.ps1 ].[ PokemonTCG ] module help tests.[ Get-PokemonTCGApiKey ]">
                    <results>
                      <test-case description="[ Get-PokemonTCGApiKey ] contains comment based help" name="Testing the [ Built ] version of [ PokemonTCG ] with [ HelpComment.Tests.ps1 ].[ PokemonTCG ] module help tests.[ Get-PokemonTCGApiKey ].[ Get-PokemonTCGApiKey ] contains comment based help" time="0.0025" asserts="0" success="True" result="Success" executed="True" />
                      <test-case description="[ Get-PokemonTCGApiKey ] contains a synopsis" name="Testing the [ Built ] version of [ PokemonTCG ] with [ HelpComment.Tests.ps1 ].[ PokemonTCG ] module help tests.[ Get-PokemonTCGApiKey ].[ Get-PokemonTCGApiKey ] contains a synopsis" time="0.002" asserts="0" success="True" result="Success" executed="True" />
                      <test-case description="[ Get-PokemonTCGApiKey ] contains a description" name="Testing the [ Built ] version of [ PokemonTCG ] with [ HelpComment.Tests.ps1 ].[ PokemonTCG ] module help tests.[ Get-PokemonTCGApiKey ].[ Get-PokemonTCGApiKey ] contains a description" time="0.002" asserts="0" success="True" result="Success" executed="True" />
                      <test-case description="[ Get-PokemonTCGApiKey ] contains at least one usage example" name="Testing the [ Built ] version of [ PokemonTCG ] with [ HelpComment.Tests.ps1 ].[ PokemonTCG ] module help tests.[ Get-PokemonTCGApiKey ].[ Get-PokemonTCGApiKey ] contains at least one usage example" time="0.0057" asserts="0" success="True" result="Success" executed="True" />
                      <test-case description="[ Get-PokemonTCGApiKey ] contains a note" name="Testing the [ Built ] version of [ PokemonTCG ] with [ HelpComment.Tests.ps1 ].[ PokemonTCG ] module help tests.[ Get-PokemonTCGApiKey ].[ Get-PokemonTCGApiKey ] contains a note" time="0.0023" asserts="0" success="True" result="Success" executed="True" />
                      <test-case description="[ Get-PokemonTCGApiKey ] contains a link" name="Testing the [ Built ] version of [ PokemonTCG ] with [ HelpComment.Tests.ps1 ].[ PokemonTCG ] module help tests.[ Get-PokemonTCGApiKey ].[ Get-PokemonTCGApiKey ] contains a link" time="0.0021" asserts="0" success="True" result="Success" executed="True" />
                      <test-suite type="ParameterizedTest" name="Testing the [ Built ] version of [ PokemonTCG ] with [ HelpComment.Tests.ps1 ].[ PokemonTCG ] module help tests.[ Get-PokemonTCGApiKey ].[ Get-PokemonTCGApiKey ] - Parameter has a description - [ &lt;_.name&gt; ]" executed="True" result="Success" success="True" time="0.0022" asserts="0" description="[ Get-PokemonTCGApiKey ] - Parameter has a description - [ &lt;_.name&gt; ]">
                        <results>
                          <test-case description="[ Get-PokemonTCGApiKey ] - Parameter has a description - [ plainText ]" name="Testing the [ Built ] version of [ PokemonTCG ] with [ HelpComment.Tests.ps1 ].[ PokemonTCG ] module help tests.[ Get-PokemonTCGApiKey ].[ Get-PokemonTCGApiKey ] - Parameter has a description - [ plainText ]" time="0.0022" asserts="0" success="True" result="Success" executed="True" />
                        </results>
                      </test-suite>
                      <test-suite type="ParameterizedTest" name="Testing the [ Built ] version of [ PokemonTCG ] with [ HelpComment.Tests.ps1 ].[ PokemonTCG ] module help tests.[ Get-PokemonTCGApiKey ].[ Get-PokemonTCGApiKey ] - Example has example code &amp; description   - [ &lt;_.title -replace '-'.''&gt; ]" executed="True" result="Success" success="True" time="0.0053" asserts="0" description="[ Get-PokemonTCGApiKey ] - Example has example code &amp; description   - [ &lt;_.title -replace '-'.''&gt; ]">
                        <results>
                          <test-case description="[ Get-PokemonTCGApiKey ] - Example has example code &amp; description   - [  EXAMPLE 1  ]" name="Testing the [ Built ] version of [ PokemonTCG ] with [ HelpComment.Tests.ps1 ].[ PokemonTCG ] module help tests.[ Get-PokemonTCGApiKey ].[ Get-PokemonTCGApiKey ] - Example has example code &amp; description   - [  EXAMPLE 1  ]" time="0.0027" asserts="0" success="True" result="Success" executed="True" />
                          <test-case description="[ Get-PokemonTCGApiKey ] - Example has example code &amp; description   - [  EXAMPLE 2  ]" name="Testing the [ Built ] version of [ PokemonTCG ] with [ HelpComment.Tests.ps1 ].[ PokemonTCG ] module help tests.[ Get-PokemonTCGApiKey ].[ Get-PokemonTCGApiKey ] - Example has example code &amp; description   - [  EXAMPLE 2  ]" time="0.0027" asserts="0" success="True" result="Success" executed="True" />
                        </results>
                      </test-suite>
                    </results>
                  </test-suite>
                </results>
              </test-suite>
              <test-suite type="TestFixture" name="Testing the [ Built ] version of [ PokemonTCG ] with [ HelpComment.Tests.ps1 ].[ PokemonTCG ] module help tests" executed="True" result="Ignored" success="True" time="0.2171" asserts="0" description="Testing the [ Built ] version of [ PokemonTCG ] with [ HelpComment.Tests.ps1 ].[ PokemonTCG ] module help tests">
                <results>
                  <test-suite type="TestFixture" name="Testing the [ Built ] version of [ PokemonTCG ] with [ HelpComment.Tests.ps1 ].[ PokemonTCG ] module help tests.[ Get-PokemonTCGBaseURI ]" executed="True" result="Ignored" success="True" time="0.0273" asserts="0" description="Testing the [ Built ] version of [ PokemonTCG ] with [ HelpComment.Tests.ps1 ].[ PokemonTCG ] module help tests.[ Get-PokemonTCGBaseURI ]">
                    <results>
                      <test-case description="[ Get-PokemonTCGBaseURI ] contains comment based help" name="Testing the [ Built ] version of [ PokemonTCG ] with [ HelpComment.Tests.ps1 ].[ PokemonTCG ] module help tests.[ Get-PokemonTCGBaseURI ].[ Get-PokemonTCGBaseURI ] contains comment based help" time="0.0024" asserts="0" success="True" result="Success" executed="True" />
                      <test-case description="[ Get-PokemonTCGBaseURI ] contains a synopsis" name="Testing the [ Built ] version of [ PokemonTCG ] with [ HelpComment.Tests.ps1 ].[ PokemonTCG ] module help tests.[ Get-PokemonTCGBaseURI ].[ Get-PokemonTCGBaseURI ] contains a synopsis" time="0.0023" asserts="0" success="True" result="Success" executed="True" />
                      <test-case description="[ Get-PokemonTCGBaseURI ] contains a description" name="Testing the [ Built ] version of [ PokemonTCG ] with [ HelpComment.Tests.ps1 ].[ PokemonTCG ] module help tests.[ Get-PokemonTCGBaseURI ].[ Get-PokemonTCGBaseURI ] contains a description" time="0.0054" asserts="0" success="True" result="Success" executed="True" />
                      <test-case description="[ Get-PokemonTCGBaseURI ] contains at least one usage example" name="Testing the [ Built ] version of [ PokemonTCG ] with [ HelpComment.Tests.ps1 ].[ PokemonTCG ] module help tests.[ Get-PokemonTCGBaseURI ].[ Get-PokemonTCGBaseURI ] contains at least one usage example" time="0.0026" asserts="0" success="True" result="Success" executed="True" />
                      <test-case description="[ Get-PokemonTCGBaseURI ] contains a note" name="Testing the [ Built ] version of [ PokemonTCG ] with [ HelpComment.Tests.ps1 ].[ PokemonTCG ] module help tests.[ Get-PokemonTCGBaseURI ].[ Get-PokemonTCGBaseURI ] contains a note" time="0.0021" asserts="0" success="True" result="Success" executed="True" />
                      <test-case description="[ Get-PokemonTCGBaseURI ] contains a link" name="Testing the [ Built ] version of [ PokemonTCG ] with [ HelpComment.Tests.ps1 ].[ PokemonTCG ] module help tests.[ Get-PokemonTCGBaseURI ].[ Get-PokemonTCGBaseURI ] contains a link" time="0.0021" asserts="0" success="True" result="Success" executed="True" />
                      <test-case description="[ Get-PokemonTCGBaseURI ] - Parameter has a description -" name="Testing the [ Built ] version of [ PokemonTCG ] with [ HelpComment.Tests.ps1 ].[ PokemonTCG ] module help tests.[ Get-PokemonTCGBaseURI ].[ Get-PokemonTCGBaseURI ] - Parameter has a description -" time="0.0032" asserts="0" success="False" result="Ignored" executed="False" />
                      <test-suite type="ParameterizedTest" name="Testing the [ Built ] version of [ PokemonTCG ] with [ HelpComment.Tests.ps1 ].[ PokemonTCG ] module help tests.[ Get-PokemonTCGBaseURI ].[ Get-PokemonTCGBaseURI ] - Example has example code &amp; description   - [ &lt;_.title -replace '-'.''&gt; ]" executed="True" result="Success" success="True" time="0.0027" asserts="0" description="[ Get-PokemonTCGBaseURI ] - Example has example code &amp; description   - [ &lt;_.title -replace '-'.''&gt; ]">
                        <results>
                          <test-case description="[ Get-PokemonTCGBaseURI ] - Example has example code &amp; description   - [  EXAMPLE 1  ]" name="Testing the [ Built ] version of [ PokemonTCG ] with [ HelpComment.Tests.ps1 ].[ PokemonTCG ] module help tests.[ Get-PokemonTCGBaseURI ].[ Get-PokemonTCGBaseURI ] - Example has example code &amp; description   - [  EXAMPLE 1  ]" time="0.0027" asserts="0" success="True" result="Success" executed="True" />
                        </results>
                      </test-suite>
                    </results>
                  </test-suite>
                </results>
              </test-suite>
              <test-suite type="TestFixture" name="Testing the [ Built ] version of [ PokemonTCG ] with [ HelpComment.Tests.ps1 ].[ PokemonTCG ] module help tests" executed="True" result="Success" success="True" time="0.2839" asserts="0" description="Testing the [ Built ] version of [ PokemonTCG ] with [ HelpComment.Tests.ps1 ].[ PokemonTCG ] module help tests">
                <results>
                  <test-suite type="TestFixture" name="Testing the [ Built ] version of [ PokemonTCG ] with [ HelpComment.Tests.ps1 ].[ PokemonTCG ] module help tests.[ Get-PokemonTCGCard ]" executed="True" result="Success" success="True" time="0.0605" asserts="0" description="Testing the [ Built ] version of [ PokemonTCG ] with [ HelpComment.Tests.ps1 ].[ PokemonTCG ] module help tests.[ Get-PokemonTCGCard ]">
                    <results>
                      <test-case description="[ Get-PokemonTCGCard ] contains comment based help" name="Testing the [ Built ] version of [ PokemonTCG ] with [ HelpComment.Tests.ps1 ].[ PokemonTCG ] module help tests.[ Get-PokemonTCGCard ].[ Get-PokemonTCGCard ] contains comment based help" time="0.0024" asserts="0" success="True" result="Success" executed="True" />
                      <test-case description="[ Get-PokemonTCGCard ] contains a synopsis" name="Testing the [ Built ] version of [ PokemonTCG ] with [ HelpComment.Tests.ps1 ].[ PokemonTCG ] module help tests.[ Get-PokemonTCGCard ].[ Get-PokemonTCGCard ] contains a synopsis" time="0.0058" asserts="0" success="True" result="Success" executed="True" />
                      <test-case description="[ Get-PokemonTCGCard ] contains a description" name="Testing the [ Built ] version of [ PokemonTCG ] with [ HelpComment.Tests.ps1 ].[ PokemonTCG ] module help tests.[ Get-PokemonTCGCard ].[ Get-PokemonTCGCard ] contains a description" time="0.0027" asserts="0" success="True" result="Success" executed="True" />
                      <test-case description="[ Get-PokemonTCGCard ] contains at least one usage example" name="Testing the [ Built ] version of [ PokemonTCG ] with [ HelpComment.Tests.ps1 ].[ PokemonTCG ] module help tests.[ Get-PokemonTCGCard ].[ Get-PokemonTCGCard ] contains at least one usage example" time="0.0028" asserts="0" success="True" result="Success" executed="True" />
                      <test-case description="[ Get-PokemonTCGCard ] contains a note" name="Testing the [ Built ] version of [ PokemonTCG ] with [ HelpComment.Tests.ps1 ].[ PokemonTCG ] module help tests.[ Get-PokemonTCGCard ].[ Get-PokemonTCGCard ] contains a note" time="0.0022" asserts="0" success="True" result="Success" executed="True" />
                      <test-case description="[ Get-PokemonTCGCard ] contains a link" name="Testing the [ Built ] version of [ PokemonTCG ] with [ HelpComment.Tests.ps1 ].[ PokemonTCG ] module help tests.[ Get-PokemonTCGCard ].[ Get-PokemonTCGCard ] contains a link" time="0.0021" asserts="0" success="True" result="Success" executed="True" />
                      <test-suite type="ParameterizedTest" name="Testing the [ Built ] version of [ PokemonTCG ] with [ HelpComment.Tests.ps1 ].[ PokemonTCG ] module help tests.[ Get-PokemonTCGCard ].[ Get-PokemonTCGCard ] - Parameter has a description - [ &lt;_.name&gt; ]" executed="True" result="Success" success="True" time="0.0187" asserts="0" description="[ Get-PokemonTCGCard ] - Parameter has a description - [ &lt;_.name&gt; ]">
                        <results>
                          <test-case description="[ Get-PokemonTCGCard ] - Parameter has a description - [ id ]" name="Testing the [ Built ] version of [ PokemonTCG ] with [ HelpComment.Tests.ps1 ].[ PokemonTCG ] module help tests.[ Get-PokemonTCGCard ].[ Get-PokemonTCGCard ] - Parameter has a description - [ id ]" time="0.0022" asserts="0" success="True" result="Success" executed="True" />
                          <test-case description="[ Get-PokemonTCGCard ] - Parameter has a description - [ select ]" name="Testing the [ Built ] version of [ PokemonTCG ] with [ HelpComment.Tests.ps1 ].[ PokemonTCG ] module help tests.[ Get-PokemonTCGCard ].[ Get-PokemonTCGCard ] - Parameter has a description - [ select ]" time="0.0021" asserts="0" success="True" result="Success" executed="True" />
                          <test-case description="[ Get-PokemonTCGCard ] - Parameter has a description - [ q ]" name="Testing the [ Built ] version of [ PokemonTCG ] with [ HelpComment.Tests.ps1 ].[ PokemonTCG ] module help tests.[ Get-PokemonTCGCard ].[ Get-PokemonTCGCard ] - Parameter has a description - [ q ]" time="0.0021" asserts="0" success="True" result="Success" executed="True" />
                          <test-case description="[ Get-PokemonTCGCard ] - Parameter has a description - [ orderBy ]" name="Testing the [ Built ] version of [ PokemonTCG ] with [ HelpComment.Tests.ps1 ].[ PokemonTCG ] module help tests.[ Get-PokemonTCGCard ].[ Get-PokemonTCGCard ] - Parameter has a description - [ orderBy ]" time="0.0021" asserts="0" success="True" result="Success" executed="True" />
                          <test-case description="[ Get-PokemonTCGCard ] - Parameter has a description - [ page ]" name="Testing the [ Built ] version of [ PokemonTCG ] with [ HelpComment.Tests.ps1 ].[ PokemonTCG ] module help tests.[ Get-PokemonTCGCard ].[ Get-PokemonTCGCard ] - Parameter has a description - [ page ]" time="0.0021" asserts="0" success="True" result="Success" executed="True" />
                          <test-case description="[ Get-PokemonTCGCard ] - Parameter has a description - [ pageSize ]" name="Testing the [ Built ] version of [ PokemonTCG ] with [ HelpComment.Tests.ps1 ].[ PokemonTCG ] module help tests.[ Get-PokemonTCGCard ].[ Get-PokemonTCGCard ] - Parameter has a description - [ pageSize ]" time="0.0021" asserts="0" success="True" result="Success" executed="True" />
                          <test-case description="[ Get-PokemonTCGCard ] - Parameter has a description - [ allPages ]" name="Testing the [ Built ] version of [ PokemonTCG ] with [ HelpComment.Tests.ps1 ].[ PokemonTCG ] module help tests.[ Get-PokemonTCGCard ].[ Get-PokemonTCGCard ] - Parameter has a description - [ allPages ]" time="0.0059" asserts="0" success="True" result="Success" executed="True" />
                        </results>
                      </test-suite>
                      <test-suite type="ParameterizedTest" name="Testing the [ Built ] version of [ PokemonTCG ] with [ HelpComment.Tests.ps1 ].[ PokemonTCG ] module help tests.[ Get-PokemonTCGCard ].[ Get-PokemonTCGCard ] - Example has example code &amp; description   - [ &lt;_.title -replace '-'.''&gt; ]" executed="True" result="Success" success="True" time="0.0186" asserts="0" description="[ Get-PokemonTCGCard ] - Example has example code &amp; description   - [ &lt;_.title -replace '-'.''&gt; ]">
                        <results>
                          <test-case description="[ Get-PokemonTCGCard ] - Example has example code &amp; description   - [  EXAMPLE 1  ]" name="Testing the [ Built ] version of [ PokemonTCG ] with [ HelpComment.Tests.ps1 ].[ PokemonTCG ] module help tests.[ Get-PokemonTCGCard ].[ Get-PokemonTCGCard ] - Example has example code &amp; description   - [  EXAMPLE 1  ]" time="0.0027" asserts="0" success="True" result="Success" executed="True" />
                          <test-case description="[ Get-PokemonTCGCard ] - Example has example code &amp; description   - [  EXAMPLE 2  ]" name="Testing the [ Built ] version of [ PokemonTCG ] with [ HelpComment.Tests.ps1 ].[ PokemonTCG ] module help tests.[ Get-PokemonTCGCard ].[ Get-PokemonTCGCard ] - Example has example code &amp; description   - [  EXAMPLE 2  ]" time="0.0026" asserts="0" success="True" result="Success" executed="True" />
                          <test-case description="[ Get-PokemonTCGCard ] - Example has example code &amp; description   - [  EXAMPLE 3  ]" name="Testing the [ Built ] version of [ PokemonTCG ] with [ HelpComment.Tests.ps1 ].[ PokemonTCG ] module help tests.[ Get-PokemonTCGCard ].[ Get-PokemonTCGCard ] - Example has example code &amp; description   - [  EXAMPLE 3  ]" time="0.0026" asserts="0" success="True" result="Success" executed="True" />
                          <test-case description="[ Get-PokemonTCGCard ] - Example has example code &amp; description   - [  EXAMPLE 4  ]" name="Testing the [ Built ] version of [ PokemonTCG ] with [ HelpComment.Tests.ps1 ].[ PokemonTCG ] module help tests.[ Get-PokemonTCGCard ].[ Get-PokemonTCGCard ] - Example has example code &amp; description   - [  EXAMPLE 4  ]" time="0.0026" asserts="0" success="True" result="Success" executed="True" />
                          <test-case description="[ Get-PokemonTCGCard ] - Example has example code &amp; description   - [  EXAMPLE 5  ]" name="Testing the [ Built ] version of [ PokemonTCG ] with [ HelpComment.Tests.ps1 ].[ PokemonTCG ] module help tests.[ Get-PokemonTCGCard ].[ Get-PokemonTCGCard ] - Example has example code &amp; description   - [  EXAMPLE 5  ]" time="0.0026" asserts="0" success="True" result="Success" executed="True" />
                          <test-case description="[ Get-PokemonTCGCard ] - Example has example code &amp; description   - [  EXAMPLE 6  ]" name="Testing the [ Built ] version of [ PokemonTCG ] with [ HelpComment.Tests.ps1 ].[ PokemonTCG ] module help tests.[ Get-PokemonTCGCard ].[ Get-PokemonTCGCard ] - Example has example code &amp; description   - [  EXAMPLE 6  ]" time="0.0027" asserts="0" success="True" result="Success" executed="True" />
                          <test-case description="[ Get-PokemonTCGCard ] - Example has example code &amp; description   - [  EXAMPLE 7  ]" name="Testing the [ Built ] version of [ PokemonTCG ] with [ HelpComment.Tests.ps1 ].[ PokemonTCG ] module help tests.[ Get-PokemonTCGCard ].[ Get-PokemonTCGCard ] - Example has example code &amp; description   - [  EXAMPLE 7  ]" time="0.0026" asserts="0" success="True" result="Success" executed="True" />
                        </results>
                      </test-suite>
                    </results>
                  </test-suite>
                </results>
              </test-suite>
              <test-suite type="TestFixture" name="Testing the [ Built ] version of [ PokemonTCG ] with [ HelpComment.Tests.ps1 ].[ PokemonTCG ] module help tests" executed="True" result="Success" success="True" time="0.3218" asserts="0" description="Testing the [ Built ] version of [ PokemonTCG ] with [ HelpComment.Tests.ps1 ].[ PokemonTCG ] module help tests">
                <results>
                  <test-suite type="TestFixture" name="Testing the [ Built ] version of [ PokemonTCG ] with [ HelpComment.Tests.ps1 ].[ PokemonTCG ] module help tests.[ Get-PokemonTCGModuleSettings ]" executed="True" result="Success" success="True" time="0.0342" asserts="0" description="Testing the [ Built ] version of [ PokemonTCG ] with [ HelpComment.Tests.ps1 ].[ PokemonTCG ] module help tests.[ Get-PokemonTCGModuleSettings ]">
                    <results>
                      <test-case description="[ Get-PokemonTCGModuleSettings ] contains comment based help" name="Testing the [ Built ] version of [ PokemonTCG ] with [ HelpComment.Tests.ps1 ].[ PokemonTCG ] module help tests.[ Get-PokemonTCGModuleSettings ].[ Get-PokemonTCGModuleSettings ] contains comment based help" time="0.0025" asserts="0" success="True" result="Success" executed="True" />
                      <test-case description="[ Get-PokemonTCGModuleSettings ] contains a synopsis" name="Testing the [ Built ] version of [ PokemonTCG ] with [ HelpComment.Tests.ps1 ].[ PokemonTCG ] module help tests.[ Get-PokemonTCGModuleSettings ].[ Get-PokemonTCGModuleSettings ] contains a synopsis" time="0.0021" asserts="0" success="True" result="Success" executed="True" />
                      <test-case description="[ Get-PokemonTCGModuleSettings ] contains a description" name="Testing the [ Built ] version of [ PokemonTCG ] with [ HelpComment.Tests.ps1 ].[ PokemonTCG ] module help tests.[ Get-PokemonTCGModuleSettings ].[ Get-PokemonTCGModuleSettings ] contains a description" time="0.002" asserts="0" success="True" result="Success" executed="True" />
                      <test-case description="[ Get-PokemonTCGModuleSettings ] contains at least one usage example" name="Testing the [ Built ] version of [ PokemonTCG ] with [ HelpComment.Tests.ps1 ].[ PokemonTCG ] module help tests.[ Get-PokemonTCGModuleSettings ].[ Get-PokemonTCGModuleSettings ] contains at least one usage example" time="0.0026" asserts="0" success="True" result="Success" executed="True" />
                      <test-case description="[ Get-PokemonTCGModuleSettings ] contains a note" name="Testing the [ Built ] version of [ PokemonTCG ] with [ HelpComment.Tests.ps1 ].[ PokemonTCG ] module help tests.[ Get-PokemonTCGModuleSettings ].[ Get-PokemonTCGModuleSettings ] contains a note" time="0.002" asserts="0" success="True" result="Success" executed="True" />
                      <test-case description="[ Get-PokemonTCGModuleSettings ] contains a link" name="Testing the [ Built ] version of [ PokemonTCG ] with [ HelpComment.Tests.ps1 ].[ PokemonTCG ] module help tests.[ Get-PokemonTCGModuleSettings ].[ Get-PokemonTCGModuleSettings ] contains a link" time="0.002" asserts="0" success="True" result="Success" executed="True" />
                      <test-suite type="ParameterizedTest" name="Testing the [ Built ] version of [ PokemonTCG ] with [ HelpComment.Tests.ps1 ].[ PokemonTCG ] module help tests.[ Get-PokemonTCGModuleSettings ].[ Get-PokemonTCGModuleSettings ] - Parameter has a description - [ &lt;_.name&gt; ]" executed="True" result="Success" success="True" time="0.0072" asserts="0" description="[ Get-PokemonTCGModuleSettings ] - Parameter has a description - [ &lt;_.name&gt; ]">
                        <results>
                          <test-case description="[ Get-PokemonTCGModuleSettings ] - Parameter has a description - [ PokemonTCGConfPath ]" name="Testing the [ Built ] version of [ PokemonTCG ] with [ HelpComment.Tests.ps1 ].[ PokemonTCG ] module help tests.[ Get-PokemonTCGModuleSettings ].[ Get-PokemonTCGModuleSettings ] - Parameter has a description - [ PokemonTCGConfPath ]" time="0.0022" asserts="0" success="True" result="Success" executed="True" />
                          <test-case description="[ Get-PokemonTCGModuleSettings ] - Parameter has a description - [ PokemonTCGConfFile ]" name="Testing the [ Built ] version of [ PokemonTCG ] with [ HelpComment.Tests.ps1 ].[ PokemonTCG ] module help tests.[ Get-PokemonTCGModuleSettings ].[ Get-PokemonTCGModuleSettings ] - Parameter has a description - [ PokemonTCGConfFile ]" time="0.0022" asserts="0" success="True" result="Success" executed="True" />
                          <test-case description="[ Get-PokemonTCGModuleSettings ] - Parameter has a description - [ openConfFile ]" name="Testing the [ Built ] version of [ PokemonTCG ] with [ HelpComment.Tests.ps1 ].[ PokemonTCG ] module help tests.[ Get-PokemonTCGModuleSettings ].[ Get-PokemonTCGModuleSettings ] - Parameter has a description - [ openConfFile ]" time="0.0028" asserts="0" success="True" result="Success" executed="True" />
                        </results>
                      </test-suite>
                      <test-suite type="ParameterizedTest" name="Testing the [ Built ] version of [ PokemonTCG ] with [ HelpComment.Tests.ps1 ].[ PokemonTCG ] module help tests.[ Get-PokemonTCGModuleSettings ].[ Get-PokemonTCGModuleSettings ] - Example has example code &amp; description   - [ &lt;_.title -replace '-'.''&gt; ]" executed="True" result="Success" success="True" time="0.0091" asserts="0" description="[ Get-PokemonTCGModuleSettings ] - Example has example code &amp; description   - [ &lt;_.title -replace '-'.''&gt; ]">
                        <results>
                          <test-case description="[ Get-PokemonTCGModuleSettings ] - Example has example code &amp; description   - [  EXAMPLE 1  ]" name="Testing the [ Built ] version of [ PokemonTCG ] with [ HelpComment.Tests.ps1 ].[ PokemonTCG ] module help tests.[ Get-PokemonTCGModuleSettings ].[ Get-PokemonTCGModuleSettings ] - Example has example code &amp; description   - [  EXAMPLE 1  ]" time="0.0065" asserts="0" success="True" result="Success" executed="True" />
                          <test-case description="[ Get-PokemonTCGModuleSettings ] - Example has example code &amp; description   - [  EXAMPLE 2  ]" name="Testing the [ Built ] version of [ PokemonTCG ] with [ HelpComment.Tests.ps1 ].[ PokemonTCG ] module help tests.[ Get-PokemonTCGModuleSettings ].[ Get-PokemonTCGModuleSettings ] - Example has example code &amp; description   - [  EXAMPLE 2  ]" time="0.0027" asserts="0" success="True" result="Success" executed="True" />
                        </results>
                      </test-suite>
                    </results>
                  </test-suite>
                </results>
              </test-suite>
              <test-suite type="TestFixture" name="Testing the [ Built ] version of [ PokemonTCG ] with [ HelpComment.Tests.ps1 ].[ PokemonTCG ] module help tests" executed="True" result="Ignored" success="True" time="0.3568" asserts="0" description="Testing the [ Built ] version of [ PokemonTCG ] with [ HelpComment.Tests.ps1 ].[ PokemonTCG ] module help tests">
                <results>
                  <test-suite type="TestFixture" name="Testing the [ Built ] version of [ PokemonTCG ] with [ HelpComment.Tests.ps1 ].[ PokemonTCG ] module help tests.[ Get-PokemonTCGRarity ]" executed="True" result="Ignored" success="True" time="0.031" asserts="0" description="Testing the [ Built ] version of [ PokemonTCG ] with [ HelpComment.Tests.ps1 ].[ PokemonTCG ] module help tests.[ Get-PokemonTCGRarity ]">
                    <results>
                      <test-case description="[ Get-PokemonTCGRarity ] contains comment based help" name="Testing the [ Built ] version of [ PokemonTCG ] with [ HelpComment.Tests.ps1 ].[ PokemonTCG ] module help tests.[ Get-PokemonTCGRarity ].[ Get-PokemonTCGRarity ] contains comment based help" time="0.0024" asserts="0" success="True" result="Success" executed="True" />
                      <test-case description="[ Get-PokemonTCGRarity ] contains a synopsis" name="Testing the [ Built ] version of [ PokemonTCG ] with [ HelpComment.Tests.ps1 ].[ PokemonTCG ] module help tests.[ Get-PokemonTCGRarity ].[ Get-PokemonTCGRarity ] contains a synopsis" time="0.002" asserts="0" success="True" result="Success" executed="True" />
                      <test-case description="[ Get-PokemonTCGRarity ] contains a description" name="Testing the [ Built ] version of [ PokemonTCG ] with [ HelpComment.Tests.ps1 ].[ PokemonTCG ] module help tests.[ Get-PokemonTCGRarity ].[ Get-PokemonTCGRarity ] contains a description" time="0.002" asserts="0" success="True" result="Success" executed="True" />
                      <test-case description="[ Get-PokemonTCGRarity ] contains at least one usage example" name="Testing the [ Built ] version of [ PokemonTCG ] with [ HelpComment.Tests.ps1 ].[ PokemonTCG ] module help tests.[ Get-PokemonTCGRarity ].[ Get-PokemonTCGRarity ] contains at least one usage example" time="0.0026" asserts="0" success="True" result="Success" executed="True" />
                      <test-case description="[ Get-PokemonTCGRarity ] contains a note" name="Testing the [ Built ] version of [ PokemonTCG ] with [ HelpComment.Tests.ps1 ].[ PokemonTCG ] module help tests.[ Get-PokemonTCGRarity ].[ Get-PokemonTCGRarity ] contains a note" time="0.0022" asserts="0" success="True" result="Success" executed="True" />
                      <test-case description="[ Get-PokemonTCGRarity ] contains a link" name="Testing the [ Built ] version of [ PokemonTCG ] with [ HelpComment.Tests.ps1 ].[ PokemonTCG ] module help tests.[ Get-PokemonTCGRarity ].[ Get-PokemonTCGRarity ] contains a link" time="0.0024" asserts="0" success="True" result="Success" executed="True" />
                      <test-case description="[ Get-PokemonTCGRarity ] - Parameter has a description -" name="Testing the [ Built ] version of [ PokemonTCG ] with [ HelpComment.Tests.ps1 ].[ PokemonTCG ] module help tests.[ Get-PokemonTCGRarity ].[ Get-PokemonTCGRarity ] - Parameter has a description -" time="0.0035" asserts="0" success="False" result="Ignored" executed="False" />
                      <test-suite type="ParameterizedTest" name="Testing the [ Built ] version of [ PokemonTCG ] with [ HelpComment.Tests.ps1 ].[ PokemonTCG ] module help tests.[ Get-PokemonTCGRarity ].[ Get-PokemonTCGRarity ] - Example has example code &amp; description   - [ &lt;_.title -replace '-'.''&gt; ]" executed="True" result="Success" success="True" time="0.0093" asserts="0" description="[ Get-PokemonTCGRarity ] - Example has example code &amp; description   - [ &lt;_.title -replace '-'.''&gt; ]">
                        <results>
                          <test-case description="[ Get-PokemonTCGRarity ] - Example has example code &amp; description   - [  EXAMPLE 1  ]" name="Testing the [ Built ] version of [ PokemonTCG ] with [ HelpComment.Tests.ps1 ].[ PokemonTCG ] module help tests.[ Get-PokemonTCGRarity ].[ Get-PokemonTCGRarity ] - Example has example code &amp; description   - [  EXAMPLE 1  ]" time="0.0065" asserts="0" success="True" result="Success" executed="True" />
                          <test-case description="[ Get-PokemonTCGRarity ] - Example has example code &amp; description   - [  EXAMPLE 2  ]" name="Testing the [ Built ] version of [ PokemonTCG ] with [ HelpComment.Tests.ps1 ].[ PokemonTCG ] module help tests.[ Get-PokemonTCGRarity ].[ Get-PokemonTCGRarity ] - Example has example code &amp; description   - [  EXAMPLE 2  ]" time="0.0028" asserts="0" success="True" result="Success" executed="True" />
                        </results>
                      </test-suite>
                    </results>
                  </test-suite>
                </results>
              </test-suite>
              <test-suite type="TestFixture" name="Testing the [ Built ] version of [ PokemonTCG ] with [ HelpComment.Tests.ps1 ].[ PokemonTCG ] module help tests" executed="True" result="Success" success="True" time="0.4191" asserts="0" description="Testing the [ Built ] version of [ PokemonTCG ] with [ HelpComment.Tests.ps1 ].[ PokemonTCG ] module help tests">
                <results>
                  <test-suite type="TestFixture" name="Testing the [ Built ] version of [ PokemonTCG ] with [ HelpComment.Tests.ps1 ].[ PokemonTCG ] module help tests.[ Get-PokemonTCGSet ]" executed="True" result="Success" success="True" time="0.0584" asserts="0" description="Testing the [ Built ] version of [ PokemonTCG ] with [ HelpComment.Tests.ps1 ].[ PokemonTCG ] module help tests.[ Get-PokemonTCGSet ]">
                    <results>
                      <test-case description="[ Get-PokemonTCGSet ] contains comment based help" name="Testing the [ Built ] version of [ PokemonTCG ] with [ HelpComment.Tests.ps1 ].[ PokemonTCG ] module help tests.[ Get-PokemonTCGSet ].[ Get-PokemonTCGSet ] contains comment based help" time="0.0024" asserts="0" success="True" result="Success" executed="True" />
                      <test-case description="[ Get-PokemonTCGSet ] contains a synopsis" name="Testing the [ Built ] version of [ PokemonTCG ] with [ HelpComment.Tests.ps1 ].[ PokemonTCG ] module help tests.[ Get-PokemonTCGSet ].[ Get-PokemonTCGSet ] contains a synopsis" time="0.002" asserts="0" success="True" result="Success" executed="True" />
                      <test-case description="[ Get-PokemonTCGSet ] contains a description" name="Testing the [ Built ] version of [ PokemonTCG ] with [ HelpComment.Tests.ps1 ].[ PokemonTCG ] module help tests.[ Get-PokemonTCGSet ].[ Get-PokemonTCGSet ] contains a description" time="0.0021" asserts="0" success="True" result="Success" executed="True" />
                      <test-case description="[ Get-PokemonTCGSet ] contains at least one usage example" name="Testing the [ Built ] version of [ PokemonTCG ] with [ HelpComment.Tests.ps1 ].[ PokemonTCG ] module help tests.[ Get-PokemonTCGSet ].[ Get-PokemonTCGSet ] contains at least one usage example" time="0.0026" asserts="0" success="True" result="Success" executed="True" />
                      <test-case description="[ Get-PokemonTCGSet ] contains a note" name="Testing the [ Built ] version of [ PokemonTCG ] with [ HelpComment.Tests.ps1 ].[ PokemonTCG ] module help tests.[ Get-PokemonTCGSet ].[ Get-PokemonTCGSet ] contains a note" time="0.0021" asserts="0" success="True" result="Success" executed="True" />
                      <test-case description="[ Get-PokemonTCGSet ] contains a link" name="Testing the [ Built ] version of [ PokemonTCG ] with [ HelpComment.Tests.ps1 ].[ PokemonTCG ] module help tests.[ Get-PokemonTCGSet ].[ Get-PokemonTCGSet ] contains a link" time="0.0021" asserts="0" success="True" result="Success" executed="True" />
                      <test-suite type="ParameterizedTest" name="Testing the [ Built ] version of [ PokemonTCG ] with [ HelpComment.Tests.ps1 ].[ PokemonTCG ] module help tests.[ Get-PokemonTCGSet ].[ Get-PokemonTCGSet ] - Parameter has a description - [ &lt;_.name&gt; ]" executed="True" result="Success" success="True" time="0.0202" asserts="0" description="[ Get-PokemonTCGSet ] - Parameter has a description - [ &lt;_.name&gt; ]">
                        <results>
                          <test-case description="[ Get-PokemonTCGSet ] - Parameter has a description - [ id ]" name="Testing the [ Built ] version of [ PokemonTCG ] with [ HelpComment.Tests.ps1 ].[ PokemonTCG ] module help tests.[ Get-PokemonTCGSet ].[ Get-PokemonTCGSet ] - Parameter has a description - [ id ]" time="0.0071" asserts="0" success="True" result="Success" executed="True" />
                          <test-case description="[ Get-PokemonTCGSet ] - Parameter has a description - [ select ]" name="Testing the [ Built ] version of [ PokemonTCG ] with [ HelpComment.Tests.ps1 ].[ PokemonTCG ] module help tests.[ Get-PokemonTCGSet ].[ Get-PokemonTCGSet ] - Parameter has a description - [ select ]" time="0.0022" asserts="0" success="True" result="Success" executed="True" />
                          <test-case description="[ Get-PokemonTCGSet ] - Parameter has a description - [ q ]" name="Testing the [ Built ] version of [ PokemonTCG ] with [ HelpComment.Tests.ps1 ].[ PokemonTCG ] module help tests.[ Get-PokemonTCGSet ].[ Get-PokemonTCGSet ] - Parameter has a description - [ q ]" time="0.0021" asserts="0" success="True" result="Success" executed="True" />
                          <test-case description="[ Get-PokemonTCGSet ] - Parameter has a description - [ orderBy ]" name="Testing the [ Built ] version of [ PokemonTCG ] with [ HelpComment.Tests.ps1 ].[ PokemonTCG ] module help tests.[ Get-PokemonTCGSet ].[ Get-PokemonTCGSet ] - Parameter has a description - [ orderBy ]" time="0.0022" asserts="0" success="True" result="Success" executed="True" />
                          <test-case description="[ Get-PokemonTCGSet ] - Parameter has a description - [ page ]" name="Testing the [ Built ] version of [ PokemonTCG ] with [ HelpComment.Tests.ps1 ].[ PokemonTCG ] module help tests.[ Get-PokemonTCGSet ].[ Get-PokemonTCGSet ] - Parameter has a description - [ page ]" time="0.0022" asserts="0" success="True" result="Success" executed="True" />
                          <test-case description="[ Get-PokemonTCGSet ] - Parameter has a description - [ pageSize ]" name="Testing the [ Built ] version of [ PokemonTCG ] with [ HelpComment.Tests.ps1 ].[ PokemonTCG ] module help tests.[ Get-PokemonTCGSet ].[ Get-PokemonTCGSet ] - Parameter has a description - [ pageSize ]" time="0.0022" asserts="0" success="True" result="Success" executed="True" />
                          <test-case description="[ Get-PokemonTCGSet ] - Parameter has a description - [ allPages ]" name="Testing the [ Built ] version of [ PokemonTCG ] with [ HelpComment.Tests.ps1 ].[ PokemonTCG ] module help tests.[ Get-PokemonTCGSet ].[ Get-PokemonTCGSet ] - Parameter has a description - [ allPages ]" time="0.0023" asserts="0" success="True" result="Success" executed="True" />
                        </results>
                      </test-suite>
                      <test-suite type="ParameterizedTest" name="Testing the [ Built ] version of [ PokemonTCG ] with [ HelpComment.Tests.ps1 ].[ PokemonTCG ] module help tests.[ Get-PokemonTCGSet ].[ Get-PokemonTCGSet ] - Example has example code &amp; description   - [ &lt;_.title -replace '-'.''&gt; ]" executed="True" result="Success" success="True" time="0.0197" asserts="0" description="[ Get-PokemonTCGSet ] - Example has example code &amp; description   - [ &lt;_.title -replace '-'.''&gt; ]">
                        <results>
                          <test-case description="[ Get-PokemonTCGSet ] - Example has example code &amp; description   - [  EXAMPLE 1  ]" name="Testing the [ Built ] version of [ PokemonTCG ] with [ HelpComment.Tests.ps1 ].[ PokemonTCG ] module help tests.[ Get-PokemonTCGSet ].[ Get-PokemonTCGSet ] - Example has example code &amp; description   - [  EXAMPLE 1  ]" time="0.0033" asserts="0" success="True" result="Success" executed="True" />
                          <test-case description="[ Get-PokemonTCGSet ] - Example has example code &amp; description   - [  EXAMPLE 2  ]" name="Testing the [ Built ] version of [ PokemonTCG ] with [ HelpComment.Tests.ps1 ].[ PokemonTCG ] module help tests.[ Get-PokemonTCGSet ].[ Get-PokemonTCGSet ] - Example has example code &amp; description   - [  EXAMPLE 2  ]" time="0.0027" asserts="0" success="True" result="Success" executed="True" />
                          <test-case description="[ Get-PokemonTCGSet ] - Example has example code &amp; description   - [  EXAMPLE 3  ]" name="Testing the [ Built ] version of [ PokemonTCG ] with [ HelpComment.Tests.ps1 ].[ PokemonTCG ] module help tests.[ Get-PokemonTCGSet ].[ Get-PokemonTCGSet ] - Example has example code &amp; description   - [  EXAMPLE 3  ]" time="0.0027" asserts="0" success="True" result="Success" executed="True" />
                          <test-case description="[ Get-PokemonTCGSet ] - Example has example code &amp; description   - [  EXAMPLE 4  ]" name="Testing the [ Built ] version of [ PokemonTCG ] with [ HelpComment.Tests.ps1 ].[ PokemonTCG ] module help tests.[ Get-PokemonTCGSet ].[ Get-PokemonTCGSet ] - Example has example code &amp; description   - [  EXAMPLE 4  ]" time="0.0057" asserts="0" success="True" result="Success" executed="True" />
                          <test-case description="[ Get-PokemonTCGSet ] - Example has example code &amp; description   - [  EXAMPLE 5  ]" name="Testing the [ Built ] version of [ PokemonTCG ] with [ HelpComment.Tests.ps1 ].[ PokemonTCG ] module help tests.[ Get-PokemonTCGSet ].[ Get-PokemonTCGSet ] - Example has example code &amp; description   - [  EXAMPLE 5  ]" time="0.0027" asserts="0" success="True" result="Success" executed="True" />
                          <test-case description="[ Get-PokemonTCGSet ] - Example has example code &amp; description   - [  EXAMPLE 6  ]" name="Testing the [ Built ] version of [ PokemonTCG ] with [ HelpComment.Tests.ps1 ].[ PokemonTCG ] module help tests.[ Get-PokemonTCGSet ].[ Get-PokemonTCGSet ] - Example has example code &amp; description   - [  EXAMPLE 6  ]" time="0.0026" asserts="0" success="True" result="Success" executed="True" />
                        </results>
                      </test-suite>
                    </results>
                  </test-suite>
                </results>
              </test-suite>
              <test-suite type="TestFixture" name="Testing the [ Built ] version of [ PokemonTCG ] with [ HelpComment.Tests.ps1 ].[ PokemonTCG ] module help tests" executed="True" result="Ignored" success="True" time="0.4518" asserts="0" description="Testing the [ Built ] version of [ PokemonTCG ] with [ HelpComment.Tests.ps1 ].[ PokemonTCG ] module help tests">
                <results>
                  <test-suite type="TestFixture" name="Testing the [ Built ] version of [ PokemonTCG ] with [ HelpComment.Tests.ps1 ].[ PokemonTCG ] module help tests.[ Get-PokemonTCGSubtype ]" executed="True" result="Ignored" success="True" time="0.0291" asserts="0" description="Testing the [ Built ] version of [ PokemonTCG ] with [ HelpComment.Tests.ps1 ].[ PokemonTCG ] module help tests.[ Get-PokemonTCGSubtype ]">
                    <results>
                      <test-case description="[ Get-PokemonTCGSubtype ] contains comment based help" name="Testing the [ Built ] version of [ PokemonTCG ] with [ HelpComment.Tests.ps1 ].[ PokemonTCG ] module help tests.[ Get-PokemonTCGSubtype ].[ Get-PokemonTCGSubtype ] contains comment based help" time="0.0024" asserts="0" success="True" result="Success" executed="True" />
                      <test-case description="[ Get-PokemonTCGSubtype ] contains a synopsis" name="Testing the [ Built ] version of [ PokemonTCG ] with [ HelpComment.Tests.ps1 ].[ PokemonTCG ] module help tests.[ Get-PokemonTCGSubtype ].[ Get-PokemonTCGSubtype ] contains a synopsis" time="0.002" asserts="0" success="True" result="Success" executed="True" />
                      <test-case description="[ Get-PokemonTCGSubtype ] contains a description" name="Testing the [ Built ] version of [ PokemonTCG ] with [ HelpComment.Tests.ps1 ].[ PokemonTCG ] module help tests.[ Get-PokemonTCGSubtype ].[ Get-PokemonTCGSubtype ] contains a description" time="0.002" asserts="0" success="True" result="Success" executed="True" />
                      <test-case description="[ Get-PokemonTCGSubtype ] contains at least one usage example" name="Testing the [ Built ] version of [ PokemonTCG ] with [ HelpComment.Tests.ps1 ].[ PokemonTCG ] module help tests.[ Get-PokemonTCGSubtype ].[ Get-PokemonTCGSubtype ] contains at least one usage example" time="0.0026" asserts="0" success="True" result="Success" executed="True" />
                      <test-case description="[ Get-PokemonTCGSubtype ] contains a note" name="Testing the [ Built ] version of [ PokemonTCG ] with [ HelpComment.Tests.ps1 ].[ PokemonTCG ] module help tests.[ Get-PokemonTCGSubtype ].[ Get-PokemonTCGSubtype ] contains a note" time="0.0048" asserts="0" success="True" result="Success" executed="True" />
                      <test-case description="[ Get-PokemonTCGSubtype ] contains a link" name="Testing the [ Built ] version of [ PokemonTCG ] with [ HelpComment.Tests.ps1 ].[ PokemonTCG ] module help tests.[ Get-PokemonTCGSubtype ].[ Get-PokemonTCGSubtype ] contains a link" time="0.0021" asserts="0" success="True" result="Success" executed="True" />
                      <test-case description="[ Get-PokemonTCGSubtype ] - Parameter has a description -" name="Testing the [ Built ] version of [ PokemonTCG ] with [ HelpComment.Tests.ps1 ].[ PokemonTCG ] module help tests.[ Get-PokemonTCGSubtype ].[ Get-PokemonTCGSubtype ] - Parameter has a description -" time="0.0031" asserts="0" success="False" result="Ignored" executed="False" />
                      <test-suite type="ParameterizedTest" name="Testing the [ Built ] version of [ PokemonTCG ] with [ HelpComment.Tests.ps1 ].[ PokemonTCG ] module help tests.[ Get-PokemonTCGSubtype ].[ Get-PokemonTCGSubtype ] - Example has example code &amp; description   - [ &lt;_.title -replace '-'.''&gt; ]" executed="True" result="Success" success="True" time="0.0054" asserts="0" description="[ Get-PokemonTCGSubtype ] - Example has example code &amp; description   - [ &lt;_.title -replace '-'.''&gt; ]">
                        <results>
                          <test-case description="[ Get-PokemonTCGSubtype ] - Example has example code &amp; description   - [  EXAMPLE 1  ]" name="Testing the [ Built ] version of [ PokemonTCG ] with [ HelpComment.Tests.ps1 ].[ PokemonTCG ] module help tests.[ Get-PokemonTCGSubtype ].[ Get-PokemonTCGSubtype ] - Example has example code &amp; description   - [  EXAMPLE 1  ]" time="0.0027" asserts="0" success="True" result="Success" executed="True" />
                          <test-case description="[ Get-PokemonTCGSubtype ] - Example has example code &amp; description   - [  EXAMPLE 2  ]" name="Testing the [ Built ] version of [ PokemonTCG ] with [ HelpComment.Tests.ps1 ].[ PokemonTCG ] module help tests.[ Get-PokemonTCGSubtype ].[ Get-PokemonTCGSubtype ] - Example has example code &amp; description   - [  EXAMPLE 2  ]" time="0.0027" asserts="0" success="True" result="Success" executed="True" />
                        </results>
                      </test-suite>
                    </results>
                  </test-suite>
                </results>
              </test-suite>
              <test-suite type="TestFixture" name="Testing the [ Built ] version of [ PokemonTCG ] with [ HelpComment.Tests.ps1 ].[ PokemonTCG ] module help tests" executed="True" result="Ignored" success="True" time="0.4851" asserts="0" description="Testing the [ Built ] version of [ PokemonTCG ] with [ HelpComment.Tests.ps1 ].[ PokemonTCG ] module help tests">
                <results>
                  <test-suite type="TestFixture" name="Testing the [ Built ] version of [ PokemonTCG ] with [ HelpComment.Tests.ps1 ].[ PokemonTCG ] module help tests.[ Get-PokemonTCGSupertype ]" executed="True" result="Ignored" success="True" time="0.0297" asserts="0" description="Testing the [ Built ] version of [ PokemonTCG ] with [ HelpComment.Tests.ps1 ].[ PokemonTCG ] module help tests.[ Get-PokemonTCGSupertype ]">
                    <results>
                      <test-case description="[ Get-PokemonTCGSupertype ] contains comment based help" name="Testing the [ Built ] version of [ PokemonTCG ] with [ HelpComment.Tests.ps1 ].[ PokemonTCG ] module help tests.[ Get-PokemonTCGSupertype ].[ Get-PokemonTCGSupertype ] contains comment based help" time="0.0024" asserts="0" success="True" result="Success" executed="True" />
                      <test-case description="[ Get-PokemonTCGSupertype ] contains a synopsis" name="Testing the [ Built ] version of [ PokemonTCG ] with [ HelpComment.Tests.ps1 ].[ PokemonTCG ] module help tests.[ Get-PokemonTCGSupertype ].[ Get-PokemonTCGSupertype ] contains a synopsis" time="0.0021" asserts="0" success="True" result="Success" executed="True" />
                      <test-case description="[ Get-PokemonTCGSupertype ] contains a description" name="Testing the [ Built ] version of [ PokemonTCG ] with [ HelpComment.Tests.ps1 ].[ PokemonTCG ] module help tests.[ Get-PokemonTCGSupertype ].[ Get-PokemonTCGSupertype ] contains a description" time="0.005" asserts="0" success="True" result="Success" executed="True" />
                      <test-case description="[ Get-PokemonTCGSupertype ] contains at least one usage example" name="Testing the [ Built ] version of [ PokemonTCG ] with [ HelpComment.Tests.ps1 ].[ PokemonTCG ] module help tests.[ Get-PokemonTCGSupertype ].[ Get-PokemonTCGSupertype ] contains at least one usage example" time="0.0026" asserts="0" success="True" result="Success" executed="True" />
                      <test-case description="[ Get-PokemonTCGSupertype ] contains a note" name="Testing the [ Built ] version of [ PokemonTCG ] with [ HelpComment.Tests.ps1 ].[ PokemonTCG ] module help tests.[ Get-PokemonTCGSupertype ].[ Get-PokemonTCGSupertype ] contains a note" time="0.0024" asserts="0" success="True" result="Success" executed="True" />
                      <test-case description="[ Get-PokemonTCGSupertype ] contains a link" name="Testing the [ Built ] version of [ PokemonTCG ] with [ HelpComment.Tests.ps1 ].[ PokemonTCG ] module help tests.[ Get-PokemonTCGSupertype ].[ Get-PokemonTCGSupertype ] contains a link" time="0.0021" asserts="0" success="True" result="Success" executed="True" />
                      <test-case description="[ Get-PokemonTCGSupertype ] - Parameter has a description -" name="Testing the [ Built ] version of [ PokemonTCG ] with [ HelpComment.Tests.ps1 ].[ PokemonTCG ] module help tests.[ Get-PokemonTCGSupertype ].[ Get-PokemonTCGSupertype ] - Parameter has a description -" time="0.0032" asserts="0" success="False" result="Ignored" executed="False" />
                      <test-suite type="ParameterizedTest" name="Testing the [ Built ] version of [ PokemonTCG ] with [ HelpComment.Tests.ps1 ].[ PokemonTCG ] module help tests.[ Get-PokemonTCGSupertype ].[ Get-PokemonTCGSupertype ] - Example has example code &amp; description   - [ &lt;_.title -replace '-'.''&gt; ]" executed="True" result="Success" success="True" time="0.0054" asserts="0" description="[ Get-PokemonTCGSupertype ] - Example has example code &amp; description   - [ &lt;_.title -replace '-'.''&gt; ]">
                        <results>
                          <test-case description="[ Get-PokemonTCGSupertype ] - Example has example code &amp; description   - [  EXAMPLE 1  ]" name="Testing the [ Built ] version of [ PokemonTCG ] with [ HelpComment.Tests.ps1 ].[ PokemonTCG ] module help tests.[ Get-PokemonTCGSupertype ].[ Get-PokemonTCGSupertype ] - Example has example code &amp; description   - [  EXAMPLE 1  ]" time="0.0028" asserts="0" success="True" result="Success" executed="True" />
                          <test-case description="[ Get-PokemonTCGSupertype ] - Example has example code &amp; description   - [  EXAMPLE 2  ]" name="Testing the [ Built ] version of [ PokemonTCG ] with [ HelpComment.Tests.ps1 ].[ PokemonTCG ] module help tests.[ Get-PokemonTCGSupertype ].[ Get-PokemonTCGSupertype ] - Example has example code &amp; description   - [  EXAMPLE 2  ]" time="0.0026" asserts="0" success="True" result="Success" executed="True" />
                        </results>
                      </test-suite>
                    </results>
                  </test-suite>
                </results>
              </test-suite>
              <test-suite type="TestFixture" name="Testing the [ Built ] version of [ PokemonTCG ] with [ HelpComment.Tests.ps1 ].[ PokemonTCG ] module help tests" executed="True" result="Ignored" success="True" time="0.5218" asserts="0" description="Testing the [ Built ] version of [ PokemonTCG ] with [ HelpComment.Tests.ps1 ].[ PokemonTCG ] module help tests">
                <results>
                  <test-suite type="TestFixture" name="Testing the [ Built ] version of [ PokemonTCG ] with [ HelpComment.Tests.ps1 ].[ PokemonTCG ] module help tests.[ Get-PokemonTCGType ]" executed="True" result="Ignored" success="True" time="0.0328" asserts="0" description="Testing the [ Built ] version of [ PokemonTCG ] with [ HelpComment.Tests.ps1 ].[ PokemonTCG ] module help tests.[ Get-PokemonTCGType ]">
                    <results>
                      <test-case description="[ Get-PokemonTCGType ] contains comment based help" name="Testing the [ Built ] version of [ PokemonTCG ] with [ HelpComment.Tests.ps1 ].[ PokemonTCG ] module help tests.[ Get-PokemonTCGType ].[ Get-PokemonTCGType ] contains comment based help" time="0.0024" asserts="0" success="True" result="Success" executed="True" />
                      <test-case description="[ Get-PokemonTCGType ] contains a synopsis" name="Testing the [ Built ] version of [ PokemonTCG ] with [ HelpComment.Tests.ps1 ].[ PokemonTCG ] module help tests.[ Get-PokemonTCGType ].[ Get-PokemonTCGType ] contains a synopsis" time="0.002" asserts="0" success="True" result="Success" executed="True" />
                      <test-case description="[ Get-PokemonTCGType ] contains a description" name="Testing the [ Built ] version of [ PokemonTCG ] with [ HelpComment.Tests.ps1 ].[ PokemonTCG ] module help tests.[ Get-PokemonTCGType ].[ Get-PokemonTCGType ] contains a description" time="0.0021" asserts="0" success="True" result="Success" executed="True" />
[...]
                <results>
                  <test-case description="[ Add-PokemonTCGBaseURI ] should have an alias of [ Set-PokemonTCGBaseURI ]" name="Testing [ Add-PokemonTCGBaseURI ] functions with [ Add-PokemonTCGBaseURI.Tests.ps1 ].[ Add-PokemonTCGBaseURI ] testing functions.[ Add-PokemonTCGBaseURI ] should have an alias of [ Set-PokemonTCGBaseURI ]" time="0.0028" asserts="0" success="True" result="Success" executed="True" />
                  <test-case description="Without parameters should return the default URI" name="Testing [ Add-PokemonTCGBaseURI ] functions with [ Add-PokemonTCGBaseURI.Tests.ps1 ].[ Add-PokemonTCGBaseURI ] testing functions.Without parameters should return the default URI" time="0.0026" asserts="0" success="True" result="Success" executed="True" />
                  <test-case description="Should accept a value from the pipeline" name="Testing [ Add-PokemonTCGBaseURI ] functions with [ Add-PokemonTCGBaseURI.Tests.ps1 ].[ Add-PokemonTCGBaseURI ] testing functions.Should accept a value from the pipeline" time="0.0026" asserts="0" success="True" result="Success" executed="True" />
                  <test-case description="With parameter -BaseURI  should return what was inputted" name="Testing [ Add-PokemonTCGBaseURI ] functions with [ Add-PokemonTCGBaseURI.Tests.ps1 ].[ Add-PokemonTCGBaseURI ] testing functions.With parameter -BaseURI  should return what was inputted" time="0.003" asserts="0" success="True" result="Success" executed="True" />
                  <test-case description="With invalid parameter value -data_center Space should return an error" name="Testing [ Add-PokemonTCGBaseURI ] functions with [ Add-PokemonTCGBaseURI.Tests.ps1 ].[ Add-PokemonTCGBaseURI ] testing functions.With invalid parameter value -data_center Space should return an error" time="0.0037" asserts="0" success="True" result="Success" executed="True" />
                  <test-case description="The default URI should NOT contain a trailing forward slash" name="Testing [ Add-PokemonTCGBaseURI ] functions with [ Add-PokemonTCGBaseURI.Tests.ps1 ].[ Add-PokemonTCGBaseURI ] testing functions.The default URI should NOT contain a trailing forward slash" time="0.0024" asserts="0" success="True" result="Success" executed="True" />
                  <test-case description="A custom URI should NOT contain a trailing forward slash" name="Testing [ Add-PokemonTCGBaseURI ] functions with [ Add-PokemonTCGBaseURI.Tests.ps1 ].[ Add-PokemonTCGBaseURI ] testing functions.A custom URI should NOT contain a trailing forward slash" time="0.0023" asserts="0" success="True" result="Success" executed="True" />
                </results>
              </test-suite>
            </results>
          </test-suite>
        </results>
      </test-suite>
      <test-suite type="TestFixture" name="C:\Celerium\Projects\_API\PokemonTCG-PowerShellWrapper\tests\Private\baseUri\Get-PokemonTCGBaseURI.Tests.ps1" executed="True" result="Success" success="True" time="0.0689" asserts="0" description="C:\Celerium\Projects\_API\PokemonTCG-PowerShellWrapper\tests\Private\baseUri\Get-PokemonTCGBaseURI.Tests.ps1">
        <results>
          <test-suite type="TestFixture" name="Testing [ Get-PokemonTCGBaseURI ] function with [ Get-PokemonTCGBaseURI.Tests.ps1 ]" executed="True" result="Success" success="True" time="0.0253" asserts="0" description="Testing [ Get-PokemonTCGBaseURI ] function with [ Get-PokemonTCGBaseURI.Tests.ps1 ]">
            <results>
              <test-suite type="TestFixture" name="Testing [ Get-PokemonTCGBaseURI ] function with [ Get-PokemonTCGBaseURI.Tests.ps1 ].[ Get-PokemonTCGBaseURI ] testing function" executed="True" result="Success" success="True" time="0.0216" asserts="0" description="Testing [ Get-PokemonTCGBaseURI ] function with [ Get-PokemonTCGBaseURI.Tests.ps1 ].[ Get-PokemonTCGBaseURI ] testing function">
                <results>
                  <test-case description="The default URI should be returned" name="Testing [ Get-PokemonTCGBaseURI ] function with [ Get-PokemonTCGBaseURI.Tests.ps1 ].[ Get-PokemonTCGBaseURI ] testing function.The default URI should be returned" time="0.0035" asserts="0" success="True" result="Success" executed="True" />
                  <test-case description="The URI should be a string" name="Testing [ Get-PokemonTCGBaseURI ] function with [ Get-PokemonTCGBaseURI.Tests.ps1 ].[ Get-PokemonTCGBaseURI ] testing function.The URI should be a string" time="0.0035" asserts="0" success="True" result="Success" executed="True" />
                  <test-case description="The default URI should NOT contain a trailing forward slash" name="Testing [ Get-PokemonTCGBaseURI ] function with [ Get-PokemonTCGBaseURI.Tests.ps1 ].[ Get-PokemonTCGBaseURI ] testing function.The default URI should NOT contain a trailing forward slash" time="0.0027" asserts="0" success="True" result="Success" executed="True" />
                  <test-case description="A custom URI should NOT contain a trailing forward slash" name="Testing [ Get-PokemonTCGBaseURI ] function with [ Get-PokemonTCGBaseURI.Tests.ps1 ].[ Get-PokemonTCGBaseURI ] testing function.A custom URI should NOT contain a trailing forward slash" time="0.0023" asserts="0" success="True" result="Success" executed="True" />
                  <test-case description="If the baseUri is not set a warning should be thrown" name="Testing [ Get-PokemonTCGBaseURI ] function with [ Get-PokemonTCGBaseURI.Tests.ps1 ].[ Get-PokemonTCGBaseURI ] testing function.If the baseUri is not set a warning should be thrown" time="0.0023" asserts="0" success="True" result="Success" executed="True" />
                </results>
              </test-suite>
            </results>
          </test-suite>
        </results>
      </test-suite>
      <test-suite type="TestFixture" name="C:\Celerium\Projects\_API\PokemonTCG-PowerShellWrapper\tests\Private\baseUri\Remove-PokemonTCGBaseURI.Tests.ps1" executed="True" result="Success" success="True" time="0.0639" asserts="0" description="C:\Celerium\Projects\_API\PokemonTCG-PowerShellWrapper\tests\Private\baseUri\Remove-PokemonTCGBaseURI.Tests.ps1">
        <results>
          <test-suite type="TestFixture" name="Testing [ Remove-PokemonTCGBaseURI ] function with [ Remove-PokemonTCGBaseURI.Tests.ps1 ]" executed="True" result="Success" success="True" time="0.0131" asserts="0" description="Testing [ Remove-PokemonTCGBaseURI ] function with [ Remove-PokemonTCGBaseURI.Tests.ps1 ]">
            <results>
              <test-suite type="TestFixture" name="Testing [ Remove-PokemonTCGBaseURI ] function with [ Remove-PokemonTCGBaseURI.Tests.ps1 ].[ Remove-PokemonTCGBaseURI ] testing function" executed="True" result="Success" success="True" time="0.0093" asserts="0" description="Testing [ Remove-PokemonTCGBaseURI ] function with [ Remove-PokemonTCGBaseURI.Tests.ps1 ].[ Remove-PokemonTCGBaseURI ] testing function">
                <results>
                  <test-case description="The baseUri variable should not longer exist" name="Testing [ Remove-PokemonTCGBaseURI ] function with [ Remove-PokemonTCGBaseURI.Tests.ps1 ].[ Remove-PokemonTCGBaseURI ] testing function.The baseUri variable should not longer exist" time="0.003" asserts="0" success="True" result="Success" executed="True" />
                  <test-case description="If the baseUri is already gone a warning should be thrown" name="Testing [ Remove-PokemonTCGBaseURI ] function with [ Remove-PokemonTCGBaseURI.Tests.ps1 ].[ Remove-PokemonTCGBaseURI ] testing function.If the baseUri is already gone a warning should be thrown" time="0.0025" asserts="0" success="True" result="Success" executed="True" />
                </results>
              </test-suite>
            </results>
          </test-suite>
        </results>
      </test-suite>
      <test-suite type="TestFixture" name="C:\Celerium\Projects\_API\PokemonTCG-PowerShellWrapper\tests\Private\moduleSettings\Export-PokemonTCGModuleSettings.Tests.ps1" executed="True" result="Success" success="True" time="0.1067" asserts="0" description="C:\Celerium\Projects\_API\PokemonTCG-PowerShellWrapper\tests\Private\moduleSettings\Export-PokemonTCGModuleSettings.Tests.ps1">
        <results>
          <test-suite type="TestFixture" name="Testing [ Export-PokemonTCGModuleSettings ] function with [ Export-PokemonTCGModuleSettings.Tests.ps1 ]" executed="True" result="Success" success="True" time="0.0596" asserts="0" description="Testing [ Export-PokemonTCGModuleSettings ] function with [ Export-PokemonTCGModuleSettings.Tests.ps1 ]">
            <results>
              <test-suite type="TestFixture" name="Testing [ Export-PokemonTCGModuleSettings ] function with [ Export-PokemonTCGModuleSettings.Tests.ps1 ].[ Export-PokemonTCGModuleSettings ] testing function" executed="True" result="Success" success="True" time="0.0558" asserts="0" description="Testing [ Export-PokemonTCGModuleSettings ] function with [ Export-PokemonTCGModuleSettings.Tests.ps1 ].[ Export-PokemonTCGModuleSettings ] testing function">
                <results>
                  <test-case description="Should export successfully" name="Testing [ Export-PokemonTCGModuleSettings ] function with [ Export-PokemonTCGModuleSettings.Tests.ps1 ].[ Export-PokemonTCGModuleSettings ] testing function.Should export successfully" time="0.0055" asserts="0" success="True" result="Success" executed="True" />
                  <test-case description="Configuration directory should be hidden" name="Testing [ Export-PokemonTCGModuleSettings ] function with [ Export-PokemonTCGModuleSettings.Tests.ps1 ].[ Export-PokemonTCGModuleSettings ] testing function.Configuration directory should be hidden" time="0.0109" asserts="0" success="True" result="Success" executed="True" />
                  <test-case description="Configuration file should contain required values" name="Testing [ Export-PokemonTCGModuleSettings ] function with [ Export-PokemonTCGModuleSettings.Tests.ps1 ].[ Export-PokemonTCGModuleSettings ] testing function.Configuration file should contain required values" time="0.0351" asserts="0" success="True" result="Success" executed="True" />
                </results>
              </test-suite>
            </results>
          </test-suite>
        </results>
      </test-suite>
      <test-suite type="TestFixture" name="C:\Celerium\Projects\_API\PokemonTCG-PowerShellWrapper\tests\Private\moduleSettings\Get-PokemonTCGModuleSettings.Tests.ps1" executed="True" result="Success" success="True" time="0.0928" asserts="0" description="C:\Celerium\Projects\_API\PokemonTCG-PowerShellWrapper\tests\Private\moduleSettings\Get-PokemonTCGModuleSettings.Tests.ps1">
        <results>
          <test-suite type="TestFixture" name="Testing [ Get-PokemonTCGModuleSettings ] function with [ Get-PokemonTCGModuleSettings.Tests.ps1 ]" executed="True" result="Success" success="True" time="0.0481" asserts="0" description="Testing [ Get-PokemonTCGModuleSettings ] function with [ Get-PokemonTCGModuleSettings.Tests.ps1 ]">
            <results>
              <test-suite type="TestFixture" name="Testing [ Get-PokemonTCGModuleSettings ] function with [ Get-PokemonTCGModuleSettings.Tests.ps1 ].[ Get-PokemonTCGModuleSettings ] testing function" executed="True" result="Success" success="True" time="0.0415" asserts="0" description="Testing [ Get-PokemonTCGModuleSettings ] function with [ Get-PokemonTCGModuleSettings.Tests.ps1 ].[ Get-PokemonTCGModuleSettings ] testing function">
                <results>
                  <test-case description="Configuration directory should be hidden" name="Testing [ Get-PokemonTCGModuleSettings ] function with [ Get-PokemonTCGModuleSettings.Tests.ps1 ].[ Get-PokemonTCGModuleSettings ] testing function.Configuration directory should be hidden" time="0.006" asserts="0" success="True" result="Success" executed="True" />
                  <test-case description="Configuration file should contain required values" name="Testing [ Get-PokemonTCGModuleSettings ] function with [ Get-PokemonTCGModuleSettings.Tests.ps1 ].[ Get-PokemonTCGModuleSettings ] testing function.Configuration file should contain required values" time="0.0315" asserts="0" success="True" result="Success" executed="True" />
                </results>
              </test-suite>
            </results>
          </test-suite>
        </results>
      </test-suite>
      <test-suite type="TestFixture" name="C:\Celerium\Projects\_API\PokemonTCG-PowerShellWrapper\tests\Private\moduleSettings\Import-PokemonTCGModuleSettings.Tests.ps1" executed="True" result="Success" success="True" time="0.1293" asserts="0" description="C:\Celerium\Projects\_API\PokemonTCG-PowerShellWrapper\tests\Private\moduleSettings\Import-PokemonTCGModuleSettings.Tests.ps1">
        <results>
          <test-suite type="TestFixture" name="Testing [ Import-PokemonTCGModuleSettings ] function with [ Import-PokemonTCGModuleSettings.Tests.ps1 ]" executed="True" result="Success" success="True" time="0.0825" asserts="0" description="Testing [ Import-PokemonTCGModuleSettings ] function with [ Import-PokemonTCGModuleSettings.Tests.ps1 ]">
            <results>
              <test-suite type="TestFixture" name="Testing [ Import-PokemonTCGModuleSettings ] function with [ Import-PokemonTCGModuleSettings.Tests.ps1 ].[ Import-PokemonTCGModuleSettings ] testing function" executed="True" result="Success" success="True" time="0.0785" asserts="0" description="Testing [ Import-PokemonTCGModuleSettings ] function with [ Import-PokemonTCGModuleSettings.Tests.ps1 ].[ Import-PokemonTCGModuleSettings ] testing function">
                <results>
                  <test-case description="No configuration should populate baseline variables" name="Testing [ Import-PokemonTCGModuleSettings ] function with [ Import-PokemonTCGModuleSettings.Tests.ps1 ].[ Import-PokemonTCGModuleSettings ] testing function.No configuration should populate baseline variables" time="0.0055" asserts="0" success="True" result="Success" executed="True" />
                  <test-case description="Saved configuration session should contain required variables" name="Testing [ Import-PokemonTCGModuleSettings ] function with [ Import-PokemonTCGModuleSettings.Tests.ps1 ].[ Import-PokemonTCGModuleSettings ] testing function.Saved configuration session should contain required variables" time="0.0367" asserts="0" success="True" result="Success" executed="True" />
                  <test-case description="Saved configuration session should NOT contain temp variables" name="Testing [ Import-PokemonTCGModuleSettings ] function with [ Import-PokemonTCGModuleSettings.Tests.ps1 ].[ Import-PokemonTCGModuleSettings ] testing function.Saved configuration session should NOT contain temp variables" time="0.0323" asserts="0" success="True" result="Success" executed="True" />
                </results>
              </test-suite>
            </results>
          </test-suite>
        </results>
      </test-suite>
      <test-suite type="TestFixture" name="C:\Celerium\Projects\_API\PokemonTCG-PowerShellWrapper\tests\Private\moduleSettings\Initialize-PokemonTCGModuleSettings.Tests.ps1" executed="True" result="Success" success="True" time="0.0957" asserts="0" description="C:\Celerium\Projects\_API\PokemonTCG-PowerShellWrapper\tests\Private\moduleSettings\Initialize-PokemonTCGModuleSettings.Tests.ps1">
        <results>
          <test-suite type="TestFixture" name="Testing [ Initialize-PokemonTCGModuleSettings ] function with [ Initialize-PokemonTCGModuleSettings.Tests.ps1 ]" executed="True" result="Success" success="True" time="0.046" asserts="0" description="Testing [ Initialize-PokemonTCGModuleSettings ] function with [ Initialize-PokemonTCGModuleSettings.Tests.ps1 ]">
            <results>
              <test-suite type="TestFixture" name="Testing [ Initialize-PokemonTCGModuleSettings ] function with [ Initialize-PokemonTCGModuleSettings.Tests.ps1 ].[ Initialize-PokemonTCGModuleSettings ] testing function" executed="True" result="Success" success="True" time="0.0401" asserts="0" description="Testing [ Initialize-PokemonTCGModuleSettings ] function with [ Initialize-PokemonTCGModuleSettings.Tests.ps1 ].[ Initialize-PokemonTCGModuleSettings ] testing function">
                <results>
                  <test-case description="When imported WITHOUT a saved configuration baseline variables should exist" name="Testing [ Initialize-PokemonTCGModuleSettings ] function with [ Initialize-PokemonTCGModuleSettings.Tests.ps1 ].[ Initialize-PokemonTCGModuleSettings ] testing function.When imported WITHOUT a saved configuration baseline variables should exist" time="0.0153" asserts="0" success="True" result="Success" executed="True" />
                  <test-case description="When imported WITh a saved configuration baseline variables should exist" name="Testing [ Initialize-PokemonTCGModuleSettings ] function with [ Initialize-PokemonTCGModuleSettings.Tests.ps1 ].[ Initialize-PokemonTCGModuleSettings ] testing function.When imported WITh a saved configuration baseline variables should exist" time="0.0205" asserts="0" success="True" result="Success" executed="True" />
                </results>
              </test-suite>
            </results>
          </test-suite>
        </results>
      </test-suite>
      <test-suite type="TestFixture" name="C:\Celerium\Projects\_API\PokemonTCG-PowerShellWrapper\tests\Private\moduleSettings\Remove-PokemonTCGModuleSettings.Tests.ps1" executed="True" result="Success" success="True" time="0.0767" asserts="0" description="C:\Celerium\Projects\_API\PokemonTCG-PowerShellWrapper\tests\Private\moduleSettings\Remove-PokemonTCGModuleSettings.Tests.ps1">
        <results>
          <test-suite type="TestFixture" name="Testing [ Remove-PokemonTCGModuleSettings ] function with [ Remove-PokemonTCGModuleSettings.Tests.ps1 ]" executed="True" result="Success" success="True" time="0.032" asserts="0" description="Testing [ Remove-PokemonTCGModuleSettings ] function with [ Remove-PokemonTCGModuleSettings.Tests.ps1 ]">
            <results>
              <test-suite type="TestFixture" name="Testing [ Remove-PokemonTCGModuleSettings ] function with [ Remove-PokemonTCGModuleSettings.Tests.ps1 ].[ Remove-PokemonTCGModuleSettings ] testing function" executed="True" result="Success" success="True" time="0.0284" asserts="0" description="Testing [ Remove-PokemonTCGModuleSettings ] function with [ Remove-PokemonTCGModuleSettings.Tests.ps1 ].[ Remove-PokemonTCGModuleSettings ] testing function">
                <results>
                  <test-case description="No configuration should throw a warning" name="Testing [ Remove-PokemonTCGModuleSettings ] function with [ Remove-PokemonTCGModuleSettings.Tests.ps1 ].[ Remove-PokemonTCGModuleSettings ] testing function.No configuration should throw a warning" time="0.0032" asserts="0" success="True" result="Success" executed="True" />
                  <test-case description="Saved configuration should be removed" name="Testing [ Remove-PokemonTCGModuleSettings ] function with [ Remove-PokemonTCGModuleSettings.Tests.ps1 ].[ Remove-PokemonTCGModuleSettings ] testing function.Saved configuration should be removed" time="0.0088" asserts="0" success="True" result="Success" executed="True" />
                  <test-case description="Saved configuration &amp; variables should be removed" name="Testing [ Remove-PokemonTCGModuleSettings ] function with [ Remove-PokemonTCGModuleSettings.Tests.ps1 ].[ Remove-PokemonTCGModuleSettings ] testing function.Saved configuration &amp; variables should be removed" time="0.0092" asserts="0" success="True" result="Success" executed="True" />
                </results>
              </test-suite>
            </results>
          </test-suite>
        </results>
      </test-suite>
    </results>
  </test-suite>
</test-results>